This is LuaTeX, Version 1.10.0 (TeX Live 2019/W32TeX)  (INITEX)  11 OCT 2019 15:31
 restricted system commands enabled.
**luatex.ini
(e:/texlive/2019/texmf-dist/tex/generic/tex-ini-files/luatex.ini
(e:/texlive/2019/texmf-dist/tex/generic/tex-ini-files/luatexconfig.tex
(e:/texlive/2019/texmf-dist/tex/generic/tex-ini-files/pdftexconfig.tex))
(e:/texlive/2019/texmf-dist/tex/generic/config/luatexiniconfig.tex)
(e:/texlive/2019/texmf-dist/tex/generic/unicode-data/load-unicode-data.tex 
load-unicode-data.tex v1.10 (2019-08-21)
Reading Unicode data
# UnicodeData-12.1.0.txt
# Modified 2019-04-01 05:08:00 GMT [MFK]
) (e:/texlive/2019/texmf-dist/tex/luatex/hyph-utf8/etex.src
(e:/texlive/2019/texmf-dist/tex/plain/base/plain.tex
Preloading the plain format: codes, registers,
\maxdimen=\dimen10
\hideskip=\skip10
\centering=\skip11
\p@=\dimen11
\z@=\dimen12
\z@skip=\skip12
\voidb@x=\box10
 parameters,
\smallskipamount=\skip13
\medskipamount=\skip14
\bigskipamount=\skip15
\normalbaselineskip=\skip16
\normallineskip=\skip17
\normallineskiplimit=\dimen13
\jot=\dimen14
\interdisplaylinepenalty=\count23
\interfootnotelinepenalty=\count24
 fonts, more fonts,
\itfam=\fam4
\slfam=\fam5
\bffam=\fam6
\ttfam=\fam7

macros,
\strutbox=\box11
\mscount=\count25
\tabs=\box12
\tabsyet=\box13
\tabsdone=\box14
 math definitions,
\rootbox=\box15
\p@renwd=\dimen15
 output routines,
\headline=\toks10
\footline=\toks11
\footins=\insert254
\topins=\insert253
 hyphenation
(e:/texlive/2019/texmf-dist/tex/generic/hyphen/hyphen.tex
[skipping from \patterns to end-of-file...]))
\et@xinput=\read0
\et@xtoks=\toks12

(e:/texlive/2019/texmf-dist/tex/plain/etex/etexdefs.lib
Skipping module "grouptypes"; Loading module "interactionmodes";
Skipping module "nodetypes"; Skipping module "iftypes";)
(e:/texlive/2019/texmf-var/tex/generic/config/language.def
\lang@USenglish=\language0
luatex-hyphen: using data file: e:/texlive/2019/texmf-var/tex/generic/config/lan
guage.dat.lua
(e:/texlive/2019/texmf-dist/tex/generic/hyphen/hyphen.tex)
\lang@german-x-2019-04-04=\language1
\lang@german-x-latest=\language2
\lang@ngerman-x-2019-04-04=\language3
\lang@ngerman-x-latest=\language4
\lang@afrikaans=\language5
\lang@ancientgreek=\language6
\lang@ibycus=\language7
\lang@arabic=\language8
\lang@armenian=\language9
\lang@basque=\language10
\lang@belarusian=\language11
\lang@bulgarian=\language12
\lang@catalan=\language13
\lang@pinyin=\language14
\lang@churchslavonic=\language15
\lang@coptic=\language16
\lang@croatian=\language17
\lang@czech=\language18
\lang@danish=\language19
\lang@dutch=\language20
\lang@ukenglish=\language21
\lang@british=\language22
\lang@UKenglish=\language23
\lang@usenglishmax=\language24
\lang@esperanto=\language25
\lang@estonian=\language26
\lang@ethiopic=\language27
\lang@amharic=\language28
\lang@geez=\language29
\lang@farsi=\language30
\lang@persian=\language31
\lang@finnish=\language32
\lang@french=\language33
\lang@patois=\language34
\lang@francais=\language35
\lang@friulan=\language36
\lang@galician=\language37
\lang@georgian=\language38
\lang@german=\language39
\lang@ngerman=\language40
\lang@swissgerman=\language41
\lang@monogreek=\language42
\lang@greek=\language43
\lang@polygreek=\language44
\lang@hungarian=\language45
\lang@icelandic=\language46
\lang@assamese=\language47
\lang@bengali=\language48
\lang@gujarati=\language49
\lang@hindi=\language50
\lang@kannada=\language51
\lang@malayalam=\language52
\lang@marathi=\language53
\lang@oriya=\language54
\lang@panjabi=\language55
\lang@pali=\language56
\lang@tamil=\language57
\lang@telugu=\language58
\lang@indonesian=\language59
\lang@interlingua=\language60
\lang@irish=\language61
\lang@italian=\language62
\lang@kurmanji=\language63
\lang@latin=\language64
\lang@classiclatin=\language65
\lang@liturgicallatin=\language66
\lang@latvian=\language67
\lang@lithuanian=\language68
\lang@mongolian=\language69
\lang@mongolianlmc=\language70
\lang@bokmal=\language71
\lang@norwegian=\language72
\lang@norsk=\language73
\lang@nynorsk=\language74
\lang@occitan=\language75
\lang@piedmontese=\language76
\lang@polish=\language77
\lang@portuguese=\language78
\lang@portuges=\language79
\lang@romanian=\language80
\lang@romansh=\language81
\lang@russian=\language82
\lang@sanskrit=\language83
\lang@serbian=\language84
\lang@serbianc=\language85
\lang@slovak=\language86
\lang@slovenian=\language87
\lang@slovene=\language88
\lang@spanish=\language89
\lang@espanol=\language90
\lang@swedish=\language91
\lang@thai=\language92
\lang@turkish=\language93
\lang@turkmen=\language94
\lang@ukrainian=\language95
\lang@uppersorbian=\language96
\lang@welsh=\language97
)
Augmenting the Plain TeX definitions: \tracingall;
Adding new e-TeX definitions: \eTeX, \loggingall, \tracingnone,
register allocation;
\et@xins=\count26
 extended register allocation; 
Recycling: \addlanguage, \@nswer (not defined), \@sk, \b@dresponsetrue,
\b@dresponsefalse, \ch@ckforyn, \mayber@cycle, \et@xabort, \et@xbuf,
\et@xfmtsrc, \et@xfilehdr, \et@xinf, \et@xpatterns, \l@ngdefnfile, \n@xt,
\p@rse (not defined), \pr@mpt (not defined), \pr@mptloop (not defined),
\forcer@cycle, \usef@llback, \usef@llbacktrue, \usef@llbackfalse, 
Retaining: \et@xerr, \et@xinput, \et@xlibhdr, \et@xmsg, \et@xtoks, \et@xwarn,
\et@xl@@d, \et@xl@ad, \et@xload, \et@xlang, \et@xhash, \eTeX, \etexhdrchk,
\etexstatus, \module, \uselanguage, \r@tain, \r@cycle,))
Beginning to dump on file luatex.fmt
 (format=luatex 2019.10.11)
3685 strings using 14138 bytes
68807 memory locations dumped; current usage is 149&8476
2156 multiletter control sequences
\font\nullfont=nullfont
\font\tenrm=cmr10
\font\preloaded=cmr9
\font\preloaded=cmr8
\font\sevenrm=cmr7
\font\preloaded=cmr6
\font\fiverm=cmr5
\font\teni=cmmi10
\font\preloaded=cmmi9
\font\preloaded=cmmi8
\font\seveni=cmmi7
\font\preloaded=cmmi6
\font\fivei=cmmi5
\font\tensy=cmsy10
\font\preloaded=cmsy9
\font\preloaded=cmsy8
\font\sevensy=cmsy7
\font\preloaded=cmsy6
\font\fivesy=cmsy5
\font\tenex=cmex10
\font\preloaded=cmss10
\font\preloaded=cmssq8
\font\preloaded=cmssi10
\font\preloaded=cmssqi8
\font\tenbf=cmbx10
\font\preloaded=cmbx9
\font\preloaded=cmbx8
\font\sevenbf=cmbx7
\font\preloaded=cmbx6
\font\fivebf=cmbx5
\font\tentt=cmtt10
\font\preloaded=cmtt9
\font\preloaded=cmtt8
\font\preloaded=cmsltt10
\font\tensl=cmsl10
\font\preloaded=cmsl9
\font\preloaded=cmsl8
\font\tenit=cmti10
\font\preloaded=cmti9
\font\preloaded=cmti8
\font\preloaded=cmti7
\font\preloaded=cmu10
\font\preloaded=cmmib10
\font\preloaded=cmbsy10
\font\preloaded=cmcsc10
\font\preloaded=cmssbx10
\font\preloaded=cmdunh10
\font\preloaded=cmr7 at 14.51799pt
\font\preloaded=cmtt10 at 14.4pt
\font\preloaded=cmssbx10 at 14.4pt
\font\preloaded=manfnt
50 preloaded fonts
warning  (pdf backend): no pages of output.

PDF statistics: 0 PDF objects out of 1000 (max. 8388607)
 0 named destinations out of 1000 (max. 131072)
 1 words of extra memory for PDF output out of 10000 (max. 100000000)

