This is LuaTeX, Version 1.10.0 (TeX Live 2019/W32TeX)  (INITEX)  11 OCT 2019 15:35
 restricted system commands enabled.
**csplain.ini
(e:/texlive/2019/texmf-dist/tex/csplain/base/csplain.ini
(e:/texlive/2019/texmf-dist/tex/csplain/base/csfonts.tex)
(e:/texlive/2019/texmf-dist/tex/plain/base/plain.tex
Preloading the plain format: codes, registers,
\maxdimen=\dimen10
\hideskip=\skip10
\centering=\skip11
\p@=\dimen11
\z@=\dimen12
\z@skip=\skip12
\voidb@x=\box10
 parameters,
\smallskipamount=\skip13
\medskipamount=\skip14
\bigskipamount=\skip15
\normalbaselineskip=\skip16
\normallineskip=\skip17
\normallineskiplimit=\dimen13
\jot=\dimen14
\interdisplaylinepenalty=\count23
\interfootnotelinepenalty=\count24
 fonts, more fonts,
\itfam=\fam4
\slfam=\fam5
\bffam=\fam6
\ttfam=\fam7

macros,
\strutbox=\box11
\mscount=\count25
\tabs=\box12
\tabsyet=\box13
\tabsdone=\box14
 math definitions,
\rootbox=\box15
\p@renwd=\dimen15
 output routines,
\headline=\toks10
\footline=\toks11
\footins=\insert254
\topins=\insert253
 hyphenation
(e:/texlive/2019/texmf-dist/tex/generic/hyphen/hyphen.tex))
(e:/texlive/2019/texmf-dist/tex/csplain/base/csfontsm.tex)
(e:/texlive/2019/texmf-dist/tex/generic/config/luatexiniconfig.tex)
(e:/texlive/2019/texmf-dist/tex/generic/luatex85/luatex85.sty
{luatex85}  2016/06/15 v1.4 pdftex aliases for luatex
)
(e:/texlive/2019/texmf-dist/tex/csplain/base/etex-mac.tex
\marks@count=\count26
)
(e:/texlive/2019/texmf-dist/tex/csplain/base/hyphen.lan
(e:/texlive/2019/texmf-dist/tex/csplain/base/lua-hyphen.lan
(e:/texlive/2019/texmf-dist/tex/csplain/base/uni-lcuc.tex
Setting lccodes and uccodes for Unicode characters.)
Language hyph.patterns ready to load: en(USpreloaded) enus(usenglishmax) engb(u
kenglish) it(italian) ia(interlingua) id(indonesian) cs(czech) sk(slovak) de(ng
erman) fr(french) pl(polish) cy(welsh) da(danish) es(spanish) sl(slovenian) fi(
finnish) hy(hungarian) tr(turkish) et(estoniak) eu(basque) ga(irish) nb(bokmal)
 nn(nynorsk) nl(dutch) pt(portuguese) ro(romanian) hr(croatian) zh(pinyin) is(i
celandic) hsb(uppersorbian) af(afrikaans) gl(galician) kmr(kurmanji) tk(turkmen
) la(latin) lac(classiclatin) lal(liturgicallatin) elm(monogreek) elp(greek) gr
c(ancientgreek) ca(catalan) cop(coptic) mn(mongolian) sa(sanskrit) ru(russian) 
uk(ukrainian) hy(armenian) as(assamese) hi(hindi) kn(kannada) lv(latvian) lt(li
thuanian) ml(malayalam) mr(marathi) or(oriya) pa(panjabi) ta(tamil) te(telugu).
 Use \<shortname>lang to initialize language, \cslang for example))
(e:/texlive/2019/texmf-dist/tex/csplain/base/plaina4.tex
\hsize=159.2 mm \vsize=239.2 mm)
(e:/texlive/2019/texmf-dist/tex/csplain/base/ucode.tex
Font encoding set to Unicode.) jobname=pdf*, PDF output initialised.
(e:/texlive/2019/texmf-dist/tex/generic/tex-ini-files/pdftexconfig.tex))
Beginning to dump on file pdfcsplain.fmt
 (format=pdfcsplain 2019.10.11)
3573 strings using 11971 bytes
65067 memory locations dumped; current usage is 149&10458
2070 multiletter control sequences
\font\nullfont=nullfont
\font\tenrm=csr10
\font\sevenrm=csr7
\font\fiverm=csr5
\font\teni=cmmi10
\font\seveni=cmmi7
\font\fivei=cmmi5
\font\tensy=cmsy10
\font\sevensy=cmsy7
\font\fivesy=cmsy5
\font\tenex=cmex10
\font\tenbf=csbx10
\font\sevenbf=csbx7
\font\fivebf=csbx5
\font\tentt=cstt10
\font\tensl=cssl10
\font\tenit=csti10
\font\tenbi=csbxti10
17 preloaded fonts
warning  (pdf backend): no pages of output.

PDF statistics: 0 PDF objects out of 1000 (max. 8388607)
 0 named destinations out of 1000 (max. 131072)
 1 words of extra memory for PDF output out of 10000 (max. 100000000)

