This is pdfTeX, Version 3.14159265-2.6-1.40.20 (TeX Live 2019/W32TeX) (INITEX)  11 OCT 2019 15:34
entering extended mode
 restricted \write18 enabled.
 %&-line parsing enabled.
 (e:/texlive/2019/texmf-dist/web2c/cp227.tcx)
***eplain.ini
(e:/texlive/2019/texmf-dist/tex/eplain/eplain.ini
(e:/texlive/2019/texmf-dist/tex/generic/babel/bplain.tex
(e:/texlive/2019/texmf-dist/tex/plain/base/plain.tex
Preloading the plain format: codes, registers,
\maxdimen=\dimen10
\hideskip=\skip10
\centering=\skip11
\p@=\dimen11
\z@=\dimen12
\z@skip=\skip12
\voidb@x=\box10
 parameters,
\smallskipamount=\skip13
\medskipamount=\skip14
\bigskipamount=\skip15
\normalbaselineskip=\skip16
\normallineskip=\skip17
\normallineskiplimit=\dimen13
\jot=\dimen14
\interdisplaylinepenalty=\count23
\interfootnotelinepenalty=\count24
 fonts, more fonts,
\itfam=\fam4
\slfam=\fam5
\bffam=\fam6
\ttfam=\fam7

macros,
\strutbox=\box11
\mscount=\count25
\tabs=\box12
\tabsyet=\box13
\tabsdone=\box14
 math definitions,
\rootbox=\box15
\p@renwd=\dimen15
 output routines,
\headline=\toks10
\footline=\toks11
\footins=\insert254
\topins=\insert253
 hyphenation
(e:/texlive/2019/texmf-dist/tex/generic/babel/hyphen.cfg
File: hyphen.cfg Babel hyphens 3.34 <2019/09/27>

(e:/texlive/2019/texmf-dist/tex/generic/babel/switch.def
File: switch.def Babel switching mechanism 3.34 <2019/09/27>

(e:/texlive/2019/texmf-dist/tex/generic/babel/plain.def
\@tempcnta=\count26
\@tempcntb=\count27
))
\l@english=\language0

(e:/texlive/2019/texmf-dist/tex/generic/hyphen/hyphen.tex)
\l@usenglish=\language0
\l@USenglish=\language0
\l@american=\language0
\l@dumylang=\language1

(e:/texlive/2019/texmf-dist/tex/generic/hyphen/dumyhyph.tex)
\l@nohyphenation=\language2

(e:/texlive/2019/texmf-dist/tex/generic/hyphen/zerohyph.tex)
\l@german-x-2019-04-04=\language3

(e:/texlive/2019/texmf-dist/tex/generic/dehyph-exptl/dehypht-x-2019-04-04.tex
dehyph-exptl: using an 8-bit TeX engine.
(e:/texlive/2019/texmf-dist/tex/generic/dehyph-exptl/dehypht-x-2019-04-04.pat
German Hyphenation Patterns (Traditional Orthography) `dehypht-x' 2019-04-04 (W
L)))
\l@german-x-latest=\language3
\l@ngerman-x-2019-04-04=\language4

(e:/texlive/2019/texmf-dist/tex/generic/dehyph-exptl/dehyphn-x-2019-04-04.tex
dehyph-exptl: using an 8-bit TeX engine.
(e:/texlive/2019/texmf-dist/tex/generic/dehyph-exptl/dehyphn-x-2019-04-04.pat
German Hyphenation Patterns (Reformed Orthography, 2006) `dehyphn-x' 2019-04-04
 (WL)))
\l@ngerman-x-latest=\language4
\l@afrikaans=\language5

(e:/texlive/2019/texmf-dist/tex/generic/hyph-utf8/loadhyph/loadhyph-af.tex
EC Afrikaans hyphenation patterns
(e:/texlive/2019/texmf-dist/tex/generic/hyph-utf8/conversions/conv-utf8-ec.tex)
(e:/texlive/2019/texmf-dist/tex/generic/hyph-utf8/patterns/tex/hyph-af.tex))
\l@ancientgreek=\language6

(e:/texlive/2019/texmf-dist/tex/generic/hyph-utf8/loadhyph/loadhyph-grc.tex
Hyphenation patterns for Ancient Greek
(e:/texlive/2019/texmf-dist/tex/generic/hyphen/grahyph5.tex
Hyphenation patterns for Ancient Greek))
\l@ibycus=\language7

(e:/texlive/2019/texmf-dist/tex/generic/hyphen/ibyhyph.tex
Greek hyphenation patterns for Ibycus encoding, v3.0)
\l@arabic=\language8

(e:/texlive/2019/texmf-dist/tex/generic/hyphen/zerohyph.tex)
\l@armenian=\language9

(e:/texlive/2019/texmf-dist/tex/generic/hyph-utf8/loadhyph/loadhyph-hy.tex
No Armenian hyphenation patterns - only for Unicode engines)
\l@basque=\language10

(e:/texlive/2019/texmf-dist/tex/generic/hyph-utf8/loadhyph/loadhyph-eu.tex
EC Basque hyphenation patterns
(e:/texlive/2019/texmf-dist/tex/generic/hyph-utf8/conversions/conv-utf8-ec.tex)
(e:/texlive/2019/texmf-dist/tex/generic/hyph-utf8/patterns/tex/hyph-eu.tex))
\l@belarusian=\language11

(e:/texlive/2019/texmf-dist/tex/generic/hyph-utf8/loadhyph/loadhyph-be.tex
T2A Belarusian hyphenation patterns
(e:/texlive/2019/texmf-dist/tex/generic/hyph-utf8/conversions/conv-utf8-t2a.tex
) (e:/texlive/2019/texmf-dist/tex/generic/hyph-utf8/patterns/tex/hyph-be.tex))
\l@bulgarian=\language12

(e:/texlive/2019/texmf-dist/tex/generic/hyph-utf8/loadhyph/loadhyph-bg.tex
T2A Bulgarian hyphenation patterns
(e:/texlive/2019/texmf-dist/tex/generic/hyph-utf8/conversions/conv-utf8-t2a.tex
) (e:/texlive/2019/texmf-dist/tex/generic/hyph-utf8/patterns/tex/hyph-bg.tex
Bulgarian hyphenation patterns (options: --safe-morphology --standalone-tex, ve
rsion 21 October 2017)))
\l@catalan=\language13

(e:/texlive/2019/texmf-dist/tex/generic/hyph-utf8/loadhyph/loadhyph-ca.tex
EC Catalan hyphenation patterns
(e:/texlive/2019/texmf-dist/tex/generic/hyph-utf8/conversions/conv-utf8-ec.tex)
(e:/texlive/2019/texmf-dist/tex/generic/hyph-utf8/patterns/tex/hyph-ca.tex))
\l@pinyin=\language14

(e:/texlive/2019/texmf-dist/tex/generic/hyph-utf8/loadhyph/loadhyph-zh-latn-pin
yin.tex EC Pinyin Hyphenation Patterns (with tone markers) 2018-11-25 (WL)
(e:/texlive/2019/texmf-dist/tex/generic/hyph-utf8/patterns/ptex/hyph-zh-latn-pi
nyin.ec.tex))
\l@churchslavonic=\language15

(e:/texlive/2019/texmf-dist/tex/generic/hyph-utf8/loadhyph/loadhyph-cu.tex
No Church Slavonic hyphenation patterns - only for Unicode engines)
\l@coptic=\language16

(e:/texlive/2019/texmf-dist/tex/generic/hyph-utf8/loadhyph/loadhyph-cop.tex
Coptic hyphenation patterns
(e:/texlive/2019/texmf-dist/tex/generic/hyph-utf8/patterns/tex-8bit/copthyph.te
x))
\l@croatian=\language17
 (e:/texlive/2019/texmf-dist/tex/generic/hyph-utf8/loadhyph/loadhyph-hr.tex
EC Croatian hyphenation patterns
(e:/texlive/2019/texmf-dist/tex/generic/hyph-utf8/conversions/conv-utf8-ec.tex)
(e:/texlive/2019/texmf-dist/tex/generic/hyph-utf8/patterns/tex/hyph-hr.tex))
\l@czech=\language18

(e:/texlive/2019/texmf-dist/tex/generic/hyph-utf8/loadhyph/loadhyph-cs.tex
EC Czech hyphenation patterns
(e:/texlive/2019/texmf-dist/tex/generic/hyph-utf8/conversions/conv-utf8-ec.tex)
(e:/texlive/2019/texmf-dist/tex/generic/hyph-utf8/patterns/tex/hyph-cs.tex))
\l@danish=\language19

(e:/texlive/2019/texmf-dist/tex/generic/hyph-utf8/loadhyph/loadhyph-da.tex
EC Danish hyphenation patterns
(e:/texlive/2019/texmf-dist/tex/generic/hyph-utf8/conversions/conv-utf8-ec.tex)
(e:/texlive/2019/texmf-dist/tex/generic/hyph-utf8/patterns/tex/hyph-da.tex))
\l@dutch=\language20

(e:/texlive/2019/texmf-dist/tex/generic/hyph-utf8/loadhyph/loadhyph-nl.tex
EC Dutch hyphenation patterns
(e:/texlive/2019/texmf-dist/tex/generic/hyph-utf8/conversions/conv-utf8-ec.tex)
(e:/texlive/2019/texmf-dist/tex/generic/hyph-utf8/patterns/tex/hyph-nl.tex))
\l@ukenglish=\language21

(e:/texlive/2019/texmf-dist/tex/generic/hyph-utf8/loadhyph/loadhyph-en-gb.tex
ASCII Hyphenation patterns for British English
(e:/texlive/2019/texmf-dist/tex/generic/hyph-utf8/patterns/tex/hyph-en-gb.tex))
\l@british=\language21
\l@UKenglish=\language21
\l@usenglishmax=\language22
(e:/texlive/2019/texmf-dist/tex/generic/hyph-utf8/loadhyph/loadhyph-en-us.tex
ASCII Hyphenation patterns for American English
(e:/texlive/2019/texmf-dist/tex/generic/hyph-utf8/patterns/tex/hyph-en-us.tex))
\l@esperanto=\language23
(e:/texlive/2019/texmf-dist/tex/generic/hyph-utf8/loadhyph/loadhyph-eo.tex
IL3 Esperanto hyphenation patterns
(e:/texlive/2019/texmf-dist/tex/generic/hyph-utf8/conversions/conv-utf8-il3.tex
) (e:/texlive/2019/texmf-dist/tex/generic/hyph-utf8/patterns/tex/hyph-eo.tex))
\l@estonian=\language24

(e:/texlive/2019/texmf-dist/tex/generic/hyph-utf8/loadhyph/loadhyph-et.tex
EC Estonian hyphenation patterns
(e:/texlive/2019/texmf-dist/tex/generic/hyph-utf8/conversions/conv-utf8-ec.tex)
(e:/texlive/2019/texmf-dist/tex/generic/hyph-utf8/patterns/tex/hyph-et.tex))
\l@ethiopic=\language25

(e:/texlive/2019/texmf-dist/tex/generic/hyph-utf8/loadhyph/loadhyph-mul-ethi.te
x No Pan-Ethiopic hyphenation patterns - only for Unicode engines)
\l@amharic=\language25
\l@geez=\language25
\l@farsi=\language26

(e:/texlive/2019/texmf-dist/tex/generic/hyphen/zerohyph.tex)
\l@persian=\language26
\l@finnish=\language27

(e:/texlive/2019/texmf-dist/tex/generic/hyph-utf8/loadhyph/loadhyph-fi.tex
EC Finnish hyphenation patterns
(e:/texlive/2019/texmf-dist/tex/generic/hyph-utf8/conversions/conv-utf8-ec.tex)
(e:/texlive/2019/texmf-dist/tex/generic/hyph-utf8/patterns/tex/hyph-fi.tex))
\l@french=\language28

(e:/texlive/2019/texmf-dist/tex/generic/hyph-utf8/loadhyph/loadhyph-fr.tex
EC French hyphenation patterns
(e:/texlive/2019/texmf-dist/tex/generic/hyph-utf8/conversions/conv-utf8-ec.tex)
(e:/texlive/2019/texmf-dist/tex/generic/hyph-utf8/patterns/tex/hyph-fr.tex))
\l@patois=\language28
\l@francais=\language28
\l@friulan=\language29

(e:/texlive/2019/texmf-dist/tex/generic/hyph-utf8/loadhyph/loadhyph-fur.tex
EC Friulan hyphenation patterns
(e:/texlive/2019/texmf-dist/tex/generic/hyph-utf8/conversions/conv-utf8-ec.tex)
(e:/texlive/2019/texmf-dist/tex/generic/hyph-utf8/patterns/tex/hyph-fur.tex))
\l@galician=\language30

(e:/texlive/2019/texmf-dist/tex/generic/hyph-utf8/loadhyph/loadhyph-gl.tex
EC Galician hyphenation patterns
(e:/texlive/2019/texmf-dist/tex/generic/hyph-utf8/conversions/conv-utf8-ec.tex)
(e:/texlive/2019/texmf-dist/tex/generic/hyph-utf8/patterns/tex/hyph-gl.tex))
\l@georgian=\language31

(e:/texlive/2019/texmf-dist/tex/generic/hyph-utf8/loadhyph/loadhyph-ka.tex
T8M Georgian hyphenation patterns
(e:/texlive/2019/texmf-dist/tex/generic/hyph-utf8/conversions/conv-utf8-t8m.tex
) (e:/texlive/2019/texmf-dist/tex/generic/hyph-utf8/patterns/tex/hyph-ka.tex))
\l@german=\language32

(e:/texlive/2019/texmf-dist/tex/generic/hyph-utf8/loadhyph/loadhyph-de-1901.tex
EC German hyphenation patterns (traditional orthography)
(e:/texlive/2019/texmf-dist/tex/generic/dehyph/dehypht.tex
German Traditional Hyphenation Patterns `dehypht' Version 3.2a <1999/03/03>
(Formerly known under the name `ghyph31' and `ghyphen'.)))
\l@ngerman=\language33

(e:/texlive/2019/texmf-dist/tex/generic/hyph-utf8/loadhyph/loadhyph-de-1996.tex
EC German hyphenation patterns (reformed orthography)
(e:/texlive/2019/texmf-dist/tex/generic/dehyph/dehyphn.tex
New German Hyphenation Patterns `dehyphn' Rev.31 <2001-05-07> (WaS)))
\l@swissgerman=\language34

(e:/texlive/2019/texmf-dist/tex/generic/hyph-utf8/loadhyph/loadhyph-de-ch-1901.
tex EC Swiss-German hyphenation patterns (traditional orthography)
(e:/texlive/2019/texmf-dist/tex/generic/hyph-utf8/conversions/conv-utf8-ec.tex)

(e:/texlive/2019/texmf-dist/tex/generic/hyph-utf8/patterns/tex/hyph-de-ch-1901.
tex
Swiss-German Hyphenation Patterns (Traditional Orthography) `dehyphts-x' 2019-0
4-04 (WL)))
\l@monogreek=\language35

(e:/texlive/2019/texmf-dist/tex/generic/hyph-utf8/loadhyph/loadhyph-el-monoton.
tex Hyphenation patterns for uni-accent (monotonic) Modern Greek
(e:/texlive/2019/texmf-dist/tex/generic/hyphen/grmhyph5.tex
Hyphenation patterns for uni-accent (monotonic) Modern Greek))
\l@greek=\language36

(e:/texlive/2019/texmf-dist/tex/generic/hyph-utf8/loadhyph/loadhyph-el-polyton.
tex Hyphenation patterns for multi-accent (polytonic) Modern Greek
(e:/texlive/2019/texmf-dist/tex/generic/hyphen/grphyph5.tex
Hyphenation patterns for multi-accent (polytonic) Modern Greek))
\l@polygreek=\language36
\l@hungarian=\language37

(e:/texlive/2019/texmf-dist/tex/generic/hyph-utf8/loadhyph/loadhyph-hu.tex
EC Hungarian hyphenation patterns
(e:/texlive/2019/texmf-dist/tex/generic/hyph-utf8/conversions/conv-utf8-ec.tex)
(e:/texlive/2019/texmf-dist/tex/generic/hyph-utf8/patterns/tex/hyph-hu.tex))
\l@icelandic=\language38

(e:/texlive/2019/texmf-dist/tex/generic/hyph-utf8/loadhyph/loadhyph-is.tex
EC Icelandic hyphenation patterns
(e:/texlive/2019/texmf-dist/tex/generic/hyph-utf8/conversions/conv-utf8-ec.tex)
(e:/texlive/2019/texmf-dist/tex/generic/hyph-utf8/patterns/tex/hyph-is.tex))
\l@assamese=\language39

(e:/texlive/2019/texmf-dist/tex/generic/hyph-utf8/loadhyph/loadhyph-as.tex
No Assamese hyphenation patterns - only for Unicode engines)
\l@bengali=\language40

(e:/texlive/2019/texmf-dist/tex/generic/hyph-utf8/loadhyph/loadhyph-bn.tex
No Bengali hyphenation patterns - only for Unicode engines)
\l@gujarati=\language41

(e:/texlive/2019/texmf-dist/tex/generic/hyph-utf8/loadhyph/loadhyph-gu.tex
No Gujarati hyphenation patterns - only for Unicode engines)
\l@hindi=\language42

(e:/texlive/2019/texmf-dist/tex/generic/hyph-utf8/loadhyph/loadhyph-hi.tex
No Hindi hyphenation patterns - only for Unicode engines)
\l@kannada=\language43

(e:/texlive/2019/texmf-dist/tex/generic/hyph-utf8/loadhyph/loadhyph-kn.tex
No Kannada hyphenation patterns - only for Unicode engines)
\l@malayalam=\language44

(e:/texlive/2019/texmf-dist/tex/generic/hyph-utf8/loadhyph/loadhyph-ml.tex
No Malayalam hyphenation patterns - only for Unicode engines)
\l@marathi=\language45

(e:/texlive/2019/texmf-dist/tex/generic/hyph-utf8/loadhyph/loadhyph-mr.tex
No Marathi hyphenation patterns - only for Unicode engines)
\l@oriya=\language46

(e:/texlive/2019/texmf-dist/tex/generic/hyph-utf8/loadhyph/loadhyph-or.tex
No Oriya hyphenation patterns - only for Unicode engines)
\l@panjabi=\language47

(e:/texlive/2019/texmf-dist/tex/generic/hyph-utf8/loadhyph/loadhyph-pa.tex
No Panjabi hyphenation patterns - only for Unicode engines)
\l@pali=\language48

(e:/texlive/2019/texmf-dist/tex/generic/hyph-utf8/loadhyph/loadhyph-pi.tex
No Pali hyphenation patterns - only for Unicode engines)
\l@tamil=\language49

(e:/texlive/2019/texmf-dist/tex/generic/hyph-utf8/loadhyph/loadhyph-ta.tex
No Tamil hyphenation patterns - only for Unicode engines)
\l@telugu=\language50

(e:/texlive/2019/texmf-dist/tex/generic/hyph-utf8/loadhyph/loadhyph-te.tex
No Telugu hyphenation patterns - only for Unicode engines)
\l@indonesian=\language51

(e:/texlive/2019/texmf-dist/tex/generic/hyph-utf8/loadhyph/loadhyph-id.tex
ASCII Indonesian hyphenation patterns
(e:/texlive/2019/texmf-dist/tex/generic/hyph-utf8/patterns/tex/hyph-id.tex))
\l@interlingua=\language52

(e:/texlive/2019/texmf-dist/tex/generic/hyph-utf8/loadhyph/loadhyph-ia.tex
ASCII Hyphenation patterns for Interlingua
(e:/texlive/2019/texmf-dist/tex/generic/hyph-utf8/patterns/tex/hyph-ia.tex))
\l@irish=\language53

(e:/texlive/2019/texmf-dist/tex/generic/hyph-utf8/loadhyph/loadhyph-ga.tex
EC Irish hyphenation patterns
(e:/texlive/2019/texmf-dist/tex/generic/hyph-utf8/conversions/conv-utf8-ec.tex)
(e:/texlive/2019/texmf-dist/tex/generic/hyph-utf8/patterns/tex/hyph-ga.tex))
\l@italian=\language54

(e:/texlive/2019/texmf-dist/tex/generic/hyph-utf8/loadhyph/loadhyph-it.tex
ASCII Italian hyphenation patterns
(e:/texlive/2019/texmf-dist/tex/generic/hyph-utf8/patterns/tex/hyph-it.tex))
\l@kurmanji=\language55

(e:/texlive/2019/texmf-dist/tex/generic/hyph-utf8/loadhyph/loadhyph-kmr.tex
EC Kurmanji hyphenation patterns
(e:/texlive/2019/texmf-dist/tex/generic/hyph-utf8/conversions/conv-utf8-ec.tex)
(e:/texlive/2019/texmf-dist/tex/generic/hyph-utf8/patterns/tex/hyph-kmr.tex))
\l@latin=\language56

(e:/texlive/2019/texmf-dist/tex/generic/hyph-utf8/loadhyph/loadhyph-la.tex
EC Latin hyphenation patterns
(e:/texlive/2019/texmf-dist/tex/generic/hyph-utf8/conversions/conv-utf8-ec.tex)
(e:/texlive/2019/texmf-dist/tex/generic/hyph-utf8/patterns/tex/hyph-la.tex))
\l@classiclatin=\language57

(e:/texlive/2019/texmf-dist/tex/generic/hyph-utf8/loadhyph/loadhyph-la-x-classi
c.tex ASCII Classical Latin hyphenation patterns
(e:/texlive/2019/texmf-dist/tex/generic/hyph-utf8/patterns/tex/hyph-la-x-classi
c.tex))
\l@liturgicallatin=\language58

(e:/texlive/2019/texmf-dist/tex/generic/hyph-utf8/loadhyph/loadhyph-la-x-liturg
ic.tex EC Liturgical Latin hyphenation patterns
(e:/texlive/2019/texmf-dist/tex/generic/hyph-utf8/patterns/ptex/hyph-la-x-litur
gic.ec.tex))
\l@latvian=\language59

(e:/texlive/2019/texmf-dist/tex/generic/hyph-utf8/loadhyph/loadhyph-lv.tex
L7X Latvian hyphenation patterns
(e:/texlive/2019/texmf-dist/tex/generic/hyph-utf8/conversions/conv-utf8-l7x.tex
) (e:/texlive/2019/texmf-dist/tex/generic/hyph-utf8/patterns/tex/hyph-lv.tex))
\l@lithuanian=\language60

(e:/texlive/2019/texmf-dist/tex/generic/hyph-utf8/loadhyph/loadhyph-lt.tex
L7X Lithuanian hyphenation patterns
(e:/texlive/2019/texmf-dist/tex/generic/hyph-utf8/conversions/conv-utf8-l7x.tex
) (e:/texlive/2019/texmf-dist/tex/generic/hyph-utf8/patterns/tex/hyph-lt.tex))
\l@mongolian=\language61

(e:/texlive/2019/texmf-dist/tex/generic/hyph-utf8/loadhyph/loadhyph-mn-cyrl.tex
T2A (New) Mongolian hyphenation patterns
(e:/texlive/2019/texmf-dist/tex/generic/hyph-utf8/conversions/conv-utf8-t2a.tex
)
(e:/texlive/2019/texmf-dist/tex/generic/hyph-utf8/patterns/tex/hyph-mn-cyrl.tex
))
\l@mongolianlmc=\language62

(e:/texlive/2019/texmf-dist/tex/generic/hyph-utf8/loadhyph/loadhyph-mn-cyrl-x-l
mc.tex LMC Mongolian hyphenation patterns
(e:/texlive/2019/texmf-dist/tex/generic/hyph-utf8/conversions/conv-utf8-lmc.tex
)
(e:/texlive/2019/texmf-dist/tex/generic/hyph-utf8/patterns/tex/hyph-mn-cyrl-x-l
mc.tex))
\l@bokmal=\language63

(e:/texlive/2019/texmf-dist/tex/generic/hyph-utf8/loadhyph/loadhyph-nb.tex
EC Norwegian Bokmal hyphenation patterns
(e:/texlive/2019/texmf-dist/tex/generic/hyph-utf8/conversions/conv-utf8-ec.tex)
(e:/texlive/2019/texmf-dist/tex/generic/hyph-utf8/patterns/tex/hyph-nb.tex
(e:/texlive/2019/texmf-dist/tex/generic/hyph-utf8/patterns/tex/hyph-no.tex)))
\l@norwegian=\language63
\l@norsk=\language63
\l@nynorsk=\language64

(e:/texlive/2019/texmf-dist/tex/generic/hyph-utf8/loadhyph/loadhyph-nn.tex
EC Norwegian Nynorsk hyphenation patterns
(e:/texlive/2019/texmf-dist/tex/generic/hyph-utf8/conversions/conv-utf8-ec.tex)
(e:/texlive/2019/texmf-dist/tex/generic/hyph-utf8/patterns/tex/hyph-nn.tex
(e:/texlive/2019/texmf-dist/tex/generic/hyph-utf8/patterns/tex/hyph-no.tex)))
\l@occitan=\language65

(e:/texlive/2019/texmf-dist/tex/generic/hyph-utf8/loadhyph/loadhyph-oc.tex
EC Occitan hyphenation patterns
(e:/texlive/2019/texmf-dist/tex/generic/hyph-utf8/conversions/conv-utf8-ec.tex)
(e:/texlive/2019/texmf-dist/tex/generic/hyph-utf8/patterns/tex/hyph-oc.tex))
\l@piedmontese=\language66

(e:/texlive/2019/texmf-dist/tex/generic/hyph-utf8/loadhyph/loadhyph-pms.tex
ASCII Piedmontese hyphenation patterns
(e:/texlive/2019/texmf-dist/tex/generic/hyph-utf8/patterns/tex/hyph-pms.tex))
\l@polish=\language67

(e:/texlive/2019/texmf-dist/tex/generic/hyph-utf8/loadhyph/loadhyph-pl.tex
QX Polish hyphenation patterns
(e:/texlive/2019/texmf-dist/tex/generic/hyph-utf8/conversions/conv-utf8-qx.tex)
(e:/texlive/2019/texmf-dist/tex/generic/hyph-utf8/patterns/tex/hyph-pl.tex))
\l@portuguese=\language68

(e:/texlive/2019/texmf-dist/tex/generic/hyph-utf8/loadhyph/loadhyph-pt.tex
EC Portuguese hyphenation patterns
(e:/texlive/2019/texmf-dist/tex/generic/hyph-utf8/conversions/conv-utf8-ec.tex)
(e:/texlive/2019/texmf-dist/tex/generic/hyph-utf8/patterns/tex/hyph-pt.tex))
\l@portuges=\language68
\l@romanian=\language69

(e:/texlive/2019/texmf-dist/tex/generic/hyph-utf8/loadhyph/loadhyph-ro.tex
EC Romanian hyphenation patterns
(e:/texlive/2019/texmf-dist/tex/generic/hyph-utf8/conversions/conv-utf8-ec.tex)
(e:/texlive/2019/texmf-dist/tex/generic/hyph-utf8/patterns/tex/hyph-ro.tex))
\l@romansh=\language70

(e:/texlive/2019/texmf-dist/tex/generic/hyph-utf8/loadhyph/loadhyph-rm.tex
ASCII Romansh hyphenation patterns
(e:/texlive/2019/texmf-dist/tex/generic/hyph-utf8/patterns/tex/hyph-rm.tex))
\l@russian=\language71

(e:/texlive/2019/texmf-dist/tex/generic/hyph-utf8/loadhyph/loadhyph-ru.tex
T2A Russian hyphenation patterns
(e:/texlive/2019/texmf-dist/tex/generic/ruhyphen/ruhyphen.tex
(e:/texlive/2019/texmf-dist/tex/generic/ruhyphen/catkoi.tex)
(e:/texlive/2019/texmf-dist/tex/generic/ruhyphen/koi2t2a.tex)
(e:/texlive/2019/texmf-dist/tex/generic/ruhyphen/ruhyphal.tex)
(e:/texlive/2019/texmf-dist/tex/generic/ruhyphen/cyryoal.tex)
(e:/texlive/2019/texmf-dist/tex/generic/ruhyphen/hypht2.tex)))
\l@sanskrit=\language72

(e:/texlive/2019/texmf-dist/tex/generic/hyph-utf8/loadhyph/loadhyph-sa.tex
No Sanskrit hyphenation patterns - only for Unicode engines)
\l@serbian=\language73

(e:/texlive/2019/texmf-dist/tex/generic/hyph-utf8/loadhyph/loadhyph-sr-latn.tex
EC Serbian hyphenation patterns in Latin script
(e:/texlive/2019/texmf-dist/tex/generic/hyph-utf8/conversions/conv-utf8-ec.tex)

(e:/texlive/2019/texmf-dist/tex/generic/hyph-utf8/patterns/tex/hyph-sh-latn.tex
))
\l@serbianc=\language74

(e:/texlive/2019/texmf-dist/tex/generic/hyph-utf8/loadhyph/loadhyph-sr-cyrl.tex
T2A Serbian hyphenation patterns in Cyrillic script
(e:/texlive/2019/texmf-dist/tex/generic/hyph-utf8/conversions/conv-utf8-t2a.tex
)
(e:/texlive/2019/texmf-dist/tex/generic/hyph-utf8/patterns/tex/hyph-sh-cyrl.tex
))
\l@slovak=\language75
 (e:/texlive/2019/texmf-dist/tex/generic/hyph-utf8/loadhyph/loadhyph-sk.tex
EC Slovak hyphenation patterns
(e:/texlive/2019/texmf-dist/tex/generic/hyph-utf8/conversions/conv-utf8-ec.tex)
(e:/texlive/2019/texmf-dist/tex/generic/hyph-utf8/patterns/tex/hyph-sk.tex))
\l@slovenian=\language76

(e:/texlive/2019/texmf-dist/tex/generic/hyph-utf8/loadhyph/loadhyph-sl.tex
EC Slovenian hyphenation patterns
(e:/texlive/2019/texmf-dist/tex/generic/hyph-utf8/conversions/conv-utf8-ec.tex)
(e:/texlive/2019/texmf-dist/tex/generic/hyph-utf8/patterns/tex/hyph-sl.tex))
\l@slovene=\language76
\l@spanish=\language77

(e:/texlive/2019/texmf-dist/tex/generic/hyph-utf8/loadhyph/loadhyph-es.tex
EC Spanish hyphenation patterns
(e:/texlive/2019/texmf-dist/tex/generic/hyph-utf8/conversions/conv-utf8-ec.tex)
(e:/texlive/2019/texmf-dist/tex/generic/hyph-utf8/patterns/tex/hyph-es.tex))
\l@espanol=\language77
\l@swedish=\language78

(e:/texlive/2019/texmf-dist/tex/generic/hyph-utf8/loadhyph/loadhyph-sv.tex
EC Swedish hyphenation patterns
(e:/texlive/2019/texmf-dist/tex/generic/hyph-utf8/conversions/conv-utf8-ec.tex)
(e:/texlive/2019/texmf-dist/tex/generic/hyph-utf8/patterns/tex/hyph-sv.tex))
\l@thai=\language79

(e:/texlive/2019/texmf-dist/tex/generic/hyph-utf8/loadhyph/loadhyph-th.tex
LTH Thai hyphenation patterns
(e:/texlive/2019/texmf-dist/tex/generic/hyph-utf8/conversions/conv-utf8-lth.tex
) (e:/texlive/2019/texmf-dist/tex/generic/hyph-utf8/patterns/tex/hyph-th.tex))
\l@turkish=\language80

(e:/texlive/2019/texmf-dist/tex/generic/hyph-utf8/loadhyph/loadhyph-tr.tex
EC Turkish hyphenation patterns
(e:/texlive/2019/texmf-dist/tex/generic/hyph-utf8/conversions/conv-utf8-ec.tex)
(e:/texlive/2019/texmf-dist/tex/generic/hyph-utf8/patterns/tex/hyph-tr.tex))
\l@turkmen=\language81

(e:/texlive/2019/texmf-dist/tex/generic/hyph-utf8/loadhyph/loadhyph-tk.tex
EC Turkmen hyphenation patterns
(e:/texlive/2019/texmf-dist/tex/generic/hyph-utf8/conversions/conv-utf8-ec.tex)
(e:/texlive/2019/texmf-dist/tex/generic/hyph-utf8/patterns/tex/hyph-tk.tex))
\l@ukrainian=\language82

(e:/texlive/2019/texmf-dist/tex/generic/hyph-utf8/loadhyph/loadhyph-uk.tex
T2A Ukrainian hyphenation patterns
(e:/texlive/2019/texmf-dist/tex/generic/ukrhyph/ukrhyph.tex
Ukrainian hyphenation patterns in t2a encoding
(e:/texlive/2019/texmf-dist/tex/generic/ukrhyph/catlcy.tex)
(e:/texlive/2019/texmf-dist/tex/generic/ukrhyph/lcy2t2a.tex)
(e:/texlive/2019/texmf-dist/tex/generic/ukrhyph/ukrhypmp.tex)
(e:/texlive/2019/texmf-dist/tex/generic/ruhyphen/hypht2.tex)))
\l@uppersorbian=\language83

(e:/texlive/2019/texmf-dist/tex/generic/hyph-utf8/loadhyph/loadhyph-hsb.tex
EC Upper Sorbian hyphenation patterns
(e:/texlive/2019/texmf-dist/tex/generic/hyph-utf8/conversions/conv-utf8-ec.tex)
(e:/texlive/2019/texmf-dist/tex/generic/hyph-utf8/patterns/tex/hyph-hsb.tex))
\l@welsh=\language84

(e:/texlive/2019/texmf-dist/tex/generic/hyph-utf8/loadhyph/loadhyph-cy.tex
EC Welsh hyphenation patterns
(e:/texlive/2019/texmf-dist/tex/generic/hyph-utf8/conversions/conv-utf8-ec.tex)
(e:/texlive/2019/texmf-dist/tex/generic/hyph-utf8/patterns/tex/hyph-cy.tex)))))
(e:/texlive/2019/texmf-dist/tex/eplain/eplain.tex
{ifpdf}  2016/04/04 v3.0 Provides the ifpdf switch
) )
Beginning to dump on file eplain.fmt
 (preloaded format=eplain 2019.10.11)
6094 strings of total length 103895
35861 memory locations dumped; current usage is 132&35664
2760 multiletter control sequences
\font\nullfont=nullfont
\font\tenrm=cmr10
\font\preloaded=cmr9
\font\preloaded=cmr8
\font\sevenrm=cmr7
\font\preloaded=cmr6
\font\fiverm=cmr5
\font\teni=cmmi10
\font\preloaded=cmmi9
\font\preloaded=cmmi8
\font\seveni=cmmi7
\font\preloaded=cmmi6
\font\fivei=cmmi5
\font\tensy=cmsy10
\font\preloaded=cmsy9
\font\preloaded=cmsy8
\font\sevensy=cmsy7
\font\preloaded=cmsy6
\font\fivesy=cmsy5
\font\tenex=cmex10
\font\preloaded=cmss10
\font\preloaded=cmssq8
\font\preloaded=cmssi10
\font\preloaded=cmssqi8
\font\tenbf=cmbx10
\font\preloaded=cmbx9
\font\preloaded=cmbx8
\font\sevenbf=cmbx7
\font\preloaded=cmbx6
\font\fivebf=cmbx5
\font\tentt=cmtt10
\font\preloaded=cmtt9
\font\indexprooffont=cmtt8
\font\preloaded=cmsltt10
\font\tensl=cmsl10
\font\preloaded=cmsl9
\font\preloaded=cmsl8
\font\tenit=cmti10
\font\preloaded=cmti9
\font\preloaded=cmti8
\font\preloaded=cmti7
\font\preloaded=cmu10
\font\preloaded=cmmib10
\font\preloaded=cmbsy10
\font\preloaded=cmcsc10
\font\preloaded=cmssbx10
\font\preloaded=cmdunh10
\font\preloaded=cmr7 at 14.51799pt
\font\preloaded=cmtt10 at 14.4pt
\font\preloaded=cmssbx10 at 14.4pt
\font\preloaded=manfnt
\font\manfnt=logo10
\font\manfntsl=logosl10
\font\tenln=line10
15036 words of font info for 53 preloaded fonts
1141 hyphenation exceptions
Hyphenation trie of length 374804 has 8781 ops out of 35111
  143 for language 84
  110 for language 83
  138 for language 82
  7 for language 81
  12 for language 80
  53 for language 79
  127 for language 78
  183 for language 77
  71 for language 76
  248 for language 75
  62 for language 74
  66 for language 73
  119 for language 71
  43 for language 70
  58 for language 69
  7 for language 68
  194 for language 67
  37 for language 66
  23 for language 65
  852 for language 64
  852 for language 63
  21 for language 62
  38 for language 61
  77 for language 60
  58 for language 59
  206 for language 58
  105 for language 57
  25 for language 56
  27 for language 55
  37 for language 54
  229 for language 53
  38 for language 52
  21 for language 51
  147 for language 38
  185 for language 37
  50 for language 36
  18 for language 35
  460 for language 34
  235 for language 33
  207 for language 32
  39 for language 31
  76 for language 30
  40 for language 29
  89 for language 28
  31 for language 27
  113 for language 24
  145 for language 23
  377 for language 22
  224 for language 21
  265 for language 20
  60 for language 19
  63 for language 18
  19 for language 17
  14 for language 16
  3 for language 14
  21 for language 13
  54 for language 12
  36 for language 11
  5 for language 10
  148 for language 7
  97 for language 6
  137 for language 5
  475 for language 4
  478 for language 3
  2 for language 1
  181 for language 0
0 words of pdfTeX memory
0 indirect objects
No pages of output.
