This is pdfTeX, Version 3.14159265-2.6-1.40.20 (TeX Live 2019/W32TeX) (INITEX)  11 OCT 2019 15:36
entering extended mode
 restricted \write18 enabled.
 %&-line parsing enabled.
 (e:/texlive/2019/texmf-dist/web2c/cp227.tcx)
***mex.ini
(e:/texlive/2019/texmf-dist/tex/mex/config/mex.ini
(e:/texlive/2019/texmf-dist/tex/generic/tex-ini-files/pdftexconfig.tex)
(e:/texlive/2019/texmf-dist/tex/mex/base/mex.tex Preloading the MeX format:
(e:/texlive/2019/texmf-dist/tex/mex/base/mex1.tex polish auxiliary macros,
prefixing, definitions of languages,
(e:/texlive/2019/texmf-dist/tex/mex/base/mexconf.tex MeX configuration,)
hyphenation [ENGLISH],
(e:/texlive/2019/texmf-dist/tex/generic/hyphen/hyphen.tex) hyphenation [PL],
(e:/texlive/2019/texmf-dist/tex/generic/hyph-utf8/loadhyph/loadhyph-pl.tex
QX Polish hyphenation patterns
(e:/texlive/2019/texmf-dist/tex/generic/hyph-utf8/conversions/conv-utf8-qx.tex)
(e:/texlive/2019/texmf-dist/tex/generic/hyph-utf8/patterns/tex/hyph-pl.tex))
hyphenation [MAZOVIA, empty], hyphenation [LATIN 2, empty],
hyphenation [P1, empty],) (e:/texlive/2019/texmf-dist/tex/plain/base/plain.tex
Preloading the plain format: codes, registers,
\maxdimen=\dimen10
\hideskip=\skip10
\centering=\skip11
\p@=\dimen11
\z@=\dimen12
\z@skip=\skip12
\voidb@x=\box10
 parameters,
\smallskipamount=\skip13
\medskipamount=\skip14
\bigskipamount=\skip15
\normalbaselineskip=\skip16
\normallineskip=\skip17
\normallineskiplimit=\dimen13
\jot=\dimen14
\interdisplaylinepenalty=\count23
\interfootnotelinepenalty=\count24
 fonts, more fonts,
\itfam=\fam4
\slfam=\fam5
\bffam=\fam6
\ttfam=\fam7

macros,
\strutbox=\box11
\mscount=\count25
\tabs=\box12
\tabsyet=\box13
\tabsdone=\box14
 math definitions,
\rootbox=\box15
\p@renwd=\dimen15
 output routines,
\headline=\toks10
\footline=\toks11
\footins=\insert254
\topins=\insert253
 hyphenation SKIPPED)
(e:/texlive/2019/texmf-dist/tex/mex/base/mex2.tex
\englishlanguage=\language0
\pllanguage=\language1
\mazovialanguage=\language2
\latintwolanguage=\language3
\ponelanguage=\language4

redefinitions of plain rules, defaults,)
\everyjob=\toks12
) )
Beginning to dump on file mex.fmt
 (preloaded format=mex 2019.10.11)
2960 strings of total length 43460
7878 memory locations dumped; current usage is 116&7560
1297 multiletter control sequences
\font\nullfont=nullfont
\font\tenrm=plr10
\font\preloaded=plr9
\font\preloaded=plr8
\font\sevenrm=plr7
\font\preloaded=plr6
\font\fiverm=plr5
\font\teni=plmi10
\font\preloaded=plmi9
\font\preloaded=plmi8
\font\seveni=plmi7
\font\preloaded=plmi6
\font\fivei=plmi5
\font\tensy=plsy10
\font\preloaded=plsy9
\font\preloaded=plsy8
\font\sevensy=plsy7
\font\preloaded=plsy6
\font\fivesy=plsy5
\font\tenex=plex10
\font\preloaded=plss10
\font\preloaded=plssq8
\font\preloaded=plssi10
\font\preloaded=plssqi8
\font\tenbf=plbx10
\font\preloaded=plbx9
\font\preloaded=plbx8
\font\sevenbf=plbx7
\font\preloaded=plbx6
\font\fivebf=plbx5
\font\tentt=pltt10
\font\preloaded=pltt9
\font\preloaded=pltt8
\font\preloaded=plsltt10
\font\tensl=plsl10
\font\preloaded=plsl9
\font\preloaded=plsl8
\font\tenit=plti10
\font\preloaded=plti9
\font\preloaded=plti8
\font\preloaded=plti7
\font\preloaded=plu10
\font\preloaded=plmib10
\font\preloaded=plbsy10
\font\preloaded=plcsc10
\font\preloaded=plssbx10
\font\preloaded=pldunh10
\font\preloaded=plr7 at 14.51799pt
\font\preloaded=pltt10 at 14.4pt
\font\preloaded=plssbx10 at 14.4pt
\font\preloaded=manfnt
21360 words of font info for 50 preloaded fonts
34 hyphenation exceptions
Hyphenation trie of length 11344 has 375 ops out of 35111
  194 for language 1
  181 for language 0
0 words of pdfTeX memory
0 indirect objects
No pages of output.
