This is pdfTeX, Version 3.14159265-2.6-1.40.20 (TeX Live 2019/W32TeX) (INITEX)  11 OCT 2019 15:35
entering extended mode
 restricted \write18 enabled.
 %&-line parsing enabled.
 encTeX v. Jun. 2004, reencoding enabled
**csplain-utf8.ini
(e:/texlive/2019/texmf-dist/tex/csplain/base/csplain-utf8.ini
(e:/texlive/2019/texmf-dist/tex/csplain/base/csplain.ini
(e:/texlive/2019/texmf-dist/tex/csplain/base/csfonts.tex)
(e:/texlive/2019/texmf-dist/tex/plain/base/plain.tex
Preloading the plain format: codes, registers,
\maxdimen=\dimen10
\hideskip=\skip10
\centering=\skip11
\p@=\dimen11
\z@=\dimen12
\z@skip=\skip12
\voidb@x=\box10
 parameters,
\smallskipamount=\skip13
\medskipamount=\skip14
\bigskipamount=\skip15
\normalbaselineskip=\skip16
\normallineskip=\skip17
\normallineskiplimit=\dimen13
\jot=\dimen14
\interdisplaylinepenalty=\count23
\interfootnotelinepenalty=\count24
 fonts, more fonts,
\itfam=\fam4
\slfam=\fam5
\bffam=\fam6
\ttfam=\fam7

macros,
\strutbox=\box11
\mscount=\count25
\tabs=\box12
\tabsyet=\box13
\tabsdone=\box14
 math definitions,
\rootbox=\box15
\p@renwd=\dimen15
 output routines,
\headline=\toks10
\footline=\toks11
\footins=\insert254
\topins=\insert253
 hyphenation
(e:/texlive/2019/texmf-dist/tex/generic/hyphen/hyphen.tex))
(e:/texlive/2019/texmf-dist/tex/csplain/base/csfontsm.tex)
(e:/texlive/2019/texmf-dist/tex/csplain/base/etex-mac.tex
\marks@count=\count26
)
(e:/texlive/2019/texmf-dist/tex/csplain/base/hyphen.lan
(e:/texlive/2019/texmf-dist/tex/csplain/base/il2code.tex
Font encoding set to ISO-8859-2.)
\numpatterns=\count27

eTeX's \savinghyphcodes detected - \lccode settings per pattern are saved.
Loading US English hyphenation patterns in ASCII encoding, \enPatt=0 (en).
(e:/texlive/2019/texmf-dist/tex/csplain/base/hyphen.ex
Enhyphex.tex English exception words.)
Loading UK English hyphenation patterns in ASCII encoding, \engbPatt=101 (engb)
. (e:/texlive/2019/texmf-dist/tex/generic/hyph-utf8/patterns/tex/hyph-en-gb.tex
) Loading Italian hyphenation patterns in ASCII encoding, \itPatt=102 (it).
(e:/texlive/2019/texmf-dist/tex/generic/hyph-utf8/patterns/tex/hyph-it.tex)
Loading Czech hyphenation patterns in ISO-8859-2 encoding, \csILtwo=5 (cs).
(e:/texlive/2019/texmf-dist/tex/csplain/base/czhyphen.tex)
(e:/texlive/2019/texmf-dist/tex/csplain/base/czhyphen.ex)
Loading Slovak hyphenation patterns in ISO-8859-2 encoding, \skILtwo=6 (sk).
(e:/texlive/2019/texmf-dist/tex/csplain/base/skhyphen.tex)
(e:/texlive/2019/texmf-dist/tex/csplain/base/skhyphen.ex)
(e:/texlive/2019/texmf-dist/tex/csplain/base/t1code.tex
Font encoding set to Cork.)
(e:/texlive/2019/texmf-dist/tex/generic/hyph-utf8/conversions/conv-utf8-ec.tex)
Loading Czech hyphenation patterns in Cork encoding, \csCork=15 (cs).
(e:/texlive/2019/texmf-dist/tex/generic/hyph-utf8/patterns/tex/hyph-cs.tex)
Loading Slovak hyphenation patterns in Cork encoding, \skCork=16 (sk).
(e:/texlive/2019/texmf-dist/tex/generic/hyph-utf8/patterns/tex/hyph-sk.tex)
Loading German hyphenation patterns in Cork encoding, \deCork=21 (de).
(e:/texlive/2019/texmf-dist/tex/generic/hyph-utf8/patterns/tex/hyph-de-1996.tex

German Hyphenation Patterns (Reformed Orthography, 2006) `dehyphn-x' 2019-04-04
 (WL)) Loading French hyphenation patterns in Cork encoding, \frCork=22 (fr).
(e:/texlive/2019/texmf-dist/tex/generic/hyph-utf8/patterns/tex/hyph-fr.tex)
Loading Polish hyphenation patterns in Cork encoding, \plCork=23 (pl).
(e:/texlive/2019/texmf-dist/tex/generic/hyph-utf8/patterns/tex/hyph-pl.tex)
Loading Spanish hyphenation patterns in Cork encoding, \esCork=26 (es).
(e:/texlive/2019/texmf-dist/tex/generic/hyph-utf8/patterns/tex/hyph-es.tex)
Loading Slovenian hyphenation patterns in Cork encoding, \slCork=28 (sl).
(e:/texlive/2019/texmf-dist/tex/generic/hyph-utf8/patterns/tex/hyph-sl.tex)
Loading Finnish hyphenation patterns in Cork encoding, \fiCork=29 (fi).
(e:/texlive/2019/texmf-dist/tex/generic/hyph-utf8/patterns/tex/hyph-fi.tex)
Loading Hungarian hyphenation patterns in Cork encoding, \huCork=30 (hu).
(e:/texlive/2019/texmf-dist/tex/generic/hyph-utf8/patterns/tex/hyph-hu.tex)
14 patterns preloaded: \enPatt =0 \engbPatt =101 \itPatt =102 \csILtwo =5 \skIL
two =6 \csCork =15 \skCork =16 \deCork =21 \frCork =22 \plCork =23 \esCork =26 
\slCork =28 \fiCork =29 \huCork =30 
Defaults: \language=0, \cmaccents, \nonfrenchspacing, ISO-8859-2 font encoding)
(e:/texlive/2019/texmf-dist/tex/csplain/base/plaina4.tex
\hsize=159.2 mm \vsize=239.2 mm)
(e:/texlive/2019/texmf-dist/tex/csplain/base/csenc-u.tex
(e:/texlive/2019/texmf-dist/tex/generic/enctex/utf8unkn.tex))
jobname=pdf*, PDF output initialised.
(e:/texlive/2019/texmf-dist/tex/generic/tex-ini-files/pdftexconfig.tex) ) )
Beginning to dump on file pdfcsplain.fmt
 (preloaded format=pdfcsplain 2019.10.11)
3217 strings of total length 47603
9815 memory locations dumped; current usage is 116&8701
1433 multiletter control sequences
\font\nullfont=nullfont
\font\tenrm=csr10
\font\sevenrm=csr7
\font\fiverm=csr5
\font\teni=cmmi10
\font\seveni=cmmi7
\font\fivei=cmmi5
\font\tensy=cmsy10
\font\sevensy=cmsy7
\font\fivesy=cmsy5
\font\tenex=cmex10
\font\tenbf=csbx10
\font\sevenbf=csbx7
\font\fivebf=csbx5
\font\tentt=cstt10
\font\tensl=cssl10
\font\tenit=csti10
\font\tenbi=csbxti10
7624 words of font info for 17 preloaded fonts
65 hyphenation exceptions
Hyphenation trie of length 147282 has 2292 ops out of 35111
  37 for language 102
  224 for language 101
  185 for language 30
  31 for language 29
  71 for language 28
  183 for language 26
  194 for language 23
  89 for language 22
  475 for language 21
  248 for language 16
  63 for language 15
  248 for language 6
  63 for language 5
  181 for language 0
0 words of pdfTeX memory
0 indirect objects
No pages of output.
PDF statistics:
 0 PDF objects out of 1000 (max. 8388607)
 0 named destinations out of 1000 (max. 500000)
 1 words of extra memory for PDF output out of 10000 (max. 10000000)

