This is e-pTeX, Version 3.14159265-p3.8.2-190131-2.6 (utf8.sjis) (TeX Live 2019/W32TeX) (INITEX)  11 OCT 2019 15:33
entering extended mode
 restricted \write18 enabled.
 %&-line parsing enabled.
***platex.ini
(e:/texlive/2019/texmf-dist/tex/platex/config/platex.ini
<<< making "platex with Babel" format >>>

(e:/texlive/2019/texmf-dist/tex/platex/base/platex.ltx
(e:/texlive/2019/texmf-dist/tex/latex/base/latex.ltx
(e:/texlive/2019/texmf-dist/tex/latex/base/texsys.cfg)
\openout15 = `texsys.aux'.


./texsys.aux found


\@currdir set to: ./.


Assuming \openin and \input 
have the same search path.


Defining UNIX/DOS style filename parser.

catcodes, registers,
\maxdimen=\dimen10
\hideskip=\skip10
\p@=\dimen11
\z@=\dimen12
\z@skip=\skip11
\voidb@x=\box10
 parameters,
\normalbaselineskip=\skip12
\normallineskip=\skip13
\normallineskiplimit=\dimen13
\interfootnotelinepenalty=\count23
\strutbox=\box11

LaTeX2e <2019-10-01>
hacks,
\@tempcnta=\count24
\@tempcntb=\count25
\@tempdima=\dimen14
\@tempdimb=\dimen15
\@tempdimc=\dimen16
\@tempboxa=\box12
\@tempskipa=\skip14
\@tempskipb=\skip15
\@temptokena=\toks10
\@flushglue=\skip16
 control, par, spacing,
\@savsk=\dimen17
\@savsf=\count26
\smallskipamount=\skip17
\medskipamount=\skip18
\bigskipamount=\skip19
\fill=\skip20
 files,
\@inputcheck=\read0
\@unused=\write0
\@mainaux=\write1
\@partaux=\write2
\@clubpenalty=\count27
 font encodings, lengths,
\everymath=\toks11
\everydisplay=\toks12
\every@math@size=\toks13
\lower@bound=\dimen18
\upper@bound=\dimen19
\c@mv@normal=\count28
\c@mv@bold=\count29

====================================

Local config file fonttext.cfg used

====================================
(e:/texlive/2019/texmf-dist/tex/latex/base/fonttext.cfg
File: fonttext.cfg 2019/09/21 v3.0d LaTeX Kernel (Uncustomised text font setup)


(e:/texlive/2019/texmf-dist/tex/latex/base/fonttext.ltx
File: fonttext.ltx 2019/09/21 v3.0d LaTeX Kernel (Text font setup)

=== Don't modify this file, use a .cfg file instead ===

(e:/texlive/2019/texmf-dist/tex/latex/base/omlenc.def
File: omlenc.def 2018/08/11 v2.0j Standard LaTeX file
)
(e:/texlive/2019/texmf-dist/tex/latex/base/t1enc.def
File: t1enc.def 2018/08/11 v2.0j Standard LaTeX file
)
(e:/texlive/2019/texmf-dist/tex/latex/base/ot1enc.def
File: ot1enc.def 2018/08/11 v2.0j Standard LaTeX file
)
(e:/texlive/2019/texmf-dist/tex/latex/base/omsenc.def
File: omsenc.def 2018/08/11 v2.0j Standard LaTeX file
)
(e:/texlive/2019/texmf-dist/tex/latex/base/t1cmr.fd
File: t1cmr.fd 2014/09/29 v2.5h Standard LaTeX font definitions
)
(e:/texlive/2019/texmf-dist/tex/latex/base/ot1cmr.fd
File: ot1cmr.fd 2014/09/29 v2.5h Standard LaTeX font definitions
)
(e:/texlive/2019/texmf-dist/tex/latex/base/ot1cmss.fd
File: ot1cmss.fd 2014/09/29 v2.5h Standard LaTeX font definitions
)
(e:/texlive/2019/texmf-dist/tex/latex/base/ot1cmtt.fd
File: ot1cmtt.fd 2014/09/29 v2.5h Standard LaTeX font definitions
)))
====================================

Local config file fontmath.cfg used

====================================
(e:/texlive/2019/texmf-dist/tex/latex/base/fontmath.cfg
File: fontmath.cfg 2019/09/21 v3.0d LaTeX Kernel (Uncustomised math font setup)


(e:/texlive/2019/texmf-dist/tex/latex/base/fontmath.ltx
File: fontmath.ltx 2019/09/21 v3.0d LaTeX Kernel (Math font setup)

=== Don't modify this file, use a .cfg file instead ===

LaTeX Font Info:    Redeclaring font encoding OML on input line 44.
LaTeX Font Info:    Redeclaring font encoding OMS on input line 45.
(e:/texlive/2019/texmf-dist/tex/latex/base/omlcmm.fd
File: omlcmm.fd 2014/09/29 v2.5h Standard LaTeX font definitions
)
(e:/texlive/2019/texmf-dist/tex/latex/base/omscmsy.fd
File: omscmsy.fd 2014/09/29 v2.5h Standard LaTeX font definitions
)
(e:/texlive/2019/texmf-dist/tex/latex/base/omxcmex.fd
File: omxcmex.fd 2014/09/29 v2.5h Standard LaTeX font definitions
)
(e:/texlive/2019/texmf-dist/tex/latex/base/ucmr.fd
File: ucmr.fd 2014/09/29 v2.5h Standard LaTeX font definitions
)
\symoperators=\mathgroup0
\symletters=\mathgroup1
\symsymbols=\mathgroup2
\symlargesymbols=\mathgroup3
LaTeX Font Info:    Overwriting symbol font `operators' in version `bold'
(Font)                  OT1/cmr/m/n --> OT1/cmr/bx/n on input line 63.
LaTeX Font Info:    Overwriting symbol font `letters' in version `bold'
(Font)                  OML/cmm/m/it --> OML/cmm/b/it on input line 64.
LaTeX Font Info:    Overwriting symbol font `symbols' in version `bold'
(Font)                  OMS/cmsy/m/n --> OMS/cmsy/b/n on input line 65.
LaTeX Font Info:    Overwriting math alphabet `\mathsf' in version `bold'
(Font)                  OT1/cmss/m/n --> OT1/cmss/bx/n on input line 73.
LaTeX Font Info:    Overwriting math alphabet `\mathit' in version `bold'
(Font)                  OT1/cmr/m/it --> OT1/cmr/bx/it on input line 74.
))
====================================

Local config file preload.cfg used

=====================================
(e:/texlive/2019/texmf-dist/tex/latex/base/preload.cfg
File: preload.cfg 2019/09/21 v3.0d LaTeX Kernel (Uncustomised preload font setu
p)

(e:/texlive/2019/texmf-dist/tex/latex/base/preload.ltx
File: preload.ltx 2014/09/29 v2.1g LaTeX Kernel (Font Preloading)
)) page nos., x-ref,
environments, center,
\@rightskip=\skip21
 verbatim,
\@verbvisiblespacebox=\box13
 math definitions,
\jot=\dimen20
\interdisplaylinepenalty=\count30
\rootbox=\box14
\c@equation=\count31
\@eqcnt=\count32
\@eqpen=\count33
\@centering=\skip22
\topsep=\skip23
\partopsep=\skip24
\itemsep=\skip25
\parsep=\skip26
\@topsep=\skip27
\@topsepadd=\skip28
\@outerparskip=\skip29
\leftmargin=\dimen21
\rightmargin=\dimen22
\listparindent=\dimen23
\itemindent=\dimen24
\labelwidth=\dimen25
\labelsep=\dimen26
\linewidth=\dimen27
\@totalleftmargin=\dimen28
\leftmargini=\dimen29
\leftmarginii=\dimen30
\leftmarginiii=\dimen31
\leftmarginiv=\dimen32
\leftmarginv=\dimen33
\leftmarginvi=\dimen34
\@listdepth=\count34
\@itempenalty=\count35
\@beginparpenalty=\count36
\@endparpenalty=\count37
\@labels=\box15
\par@deathcycles=\count38
\@enumdepth=\count39
\c@enumi=\count40
\c@enumii=\count41
\c@enumiii=\count42
\c@enumiv=\count43
\@itemdepth=\count44
 boxes,
\fboxrule=\dimen35
\fboxsep=\dimen36
\@mplistdepth=\count45
\@mpfootins=\insert254
LaTeX Info: Redefining \underline on input line 5275.
\@gtempa=\dimen37
\@gtempa=\dimen38
\@gtempa=\dimen39
\@gtempa=\dimen40
\@gtempa=\dimen41
\@gtempa=\dimen42
\@gtempa=\dimen43
\@gtempa=\dimen44
\@gtempa=\dimen45
\@gtempa=\dimen46
\@gtempa=\dimen47
\@gtempa=\dimen48
\@gtempa=\dimen49
\@gtempa=\dimen50
\@nxttabmar=\count46
\@curtabmar=\count47
\@curtab=\count48
\@hightab=\count49
\@tabpush=\count50
\@curline=\box16
\@curfield=\box17
\@tabfbox=\box18
\tabbingsep=\dimen51
\@chclass=\count51
\@lastchclass=\count52
\@chnum=\count53
\arraycolsep=\dimen52
\tabcolsep=\dimen53
\arrayrulewidth=\dimen54
\doublerulesep=\dimen55
\@arstrutbox=\box19
\@wholewidth=\dimen56
\@halfwidth=\dimen57
\unitlength=\dimen58
\@picbox=\box20
\@picht=\dimen59
\@ovxx=\dimen60
\@ovyy=\dimen61
\@ovdx=\dimen62
\@ovdy=\dimen63
\@ovro=\dimen64
\@ovri=\dimen65
\@xarg=\count54
\@yarg=\count55
\@yyarg=\count56
\@multicnt=\count57
\@xdim=\dimen66
\@ydim=\dimen67
\@linechar=\box21
\@linelen=\dimen68
\@clnwd=\dimen69
\@clnht=\dimen70
\@dashdim=\dimen71
\@dashbox=\box22
\@dashcnt=\count58
LaTeX Info: The control sequence `\linethickness' is already robust on input li
ne 6033.
LaTeX Info: The control sequence `\thinlines' is already robust on input line 6
039.
 title, sectioning,
\@secpenalty=\count59
\c@secnumdepth=\count60
\c@tocdepth=\count61

contents, floats,
\@floatpenalty=\count62
 footnotes,
\footins=\insert253
\c@footnote=\count63
\c@mpfootnote=\count64
\footnotesep=\dimen72
 index, bibliography, output,
\bx@A=\insert252
\bx@B=\insert251
\bx@C=\insert250
\bx@D=\insert249
\bx@E=\insert248
\bx@F=\insert247
\bx@G=\insert246
\bx@H=\insert245
\bx@I=\insert244
\bx@J=\insert243
\bx@K=\insert242
\bx@L=\insert241
\bx@M=\insert240
\bx@N=\insert239
\bx@O=\insert238
\bx@P=\insert237
\bx@Q=\insert236
\bx@R=\insert235
\bx@S=\insert234
\bx@T=\insert233
\bx@U=\insert232
\bx@V=\insert231
\bx@W=\insert230
\bx@X=\insert229
\bx@Y=\insert228
\bx@Z=\insert227
\bx@AA=\insert226
\bx@BB=\insert225
\bx@CC=\insert224
\bx@DD=\insert223
\bx@EE=\insert222
\bx@FF=\insert221
\bx@GG=\insert220
\bx@HH=\insert219
\bx@II=\insert218
\bx@JJ=\insert217
\bx@KK=\insert216
\bx@LL=\insert215
\bx@MM=\insert214
\bx@NN=\insert213
\bx@OO=\insert212
\bx@PP=\insert211
\bx@QQ=\insert210
\bx@RR=\insert209
\bx@SS=\insert208
\bx@TT=\insert207
\bx@UU=\insert206
\bx@VV=\insert205
\bx@WW=\insert204
\bx@XX=\insert203
\bx@YY=\insert202
\bx@ZZ=\insert201
\topmargin=\dimen73
\oddsidemargin=\dimen74
\evensidemargin=\dimen75
\headheight=\dimen76
\headsep=\dimen77
\footskip=\dimen78
\textheight=\dimen79
\textwidth=\dimen80
\columnwidth=\dimen81
\columnsep=\dimen82
\columnseprule=\dimen83
\marginparwidth=\dimen84
\marginparsep=\dimen85
\marginparpush=\dimen86
\@begindvibox=\box23
\@maxdepth=\dimen87
\paperheight=\dimen88
\paperwidth=\dimen89
\col@number=\count65
\@topnum=\count66
\@toproom=\dimen90
\@dbltopnum=\count67
\@dbltoproom=\dimen91
\@botnum=\count68
\@botroom=\dimen92
\@colnum=\count69
\@textmin=\dimen93
\@fpmin=\dimen94
\@colht=\dimen95
\@colroom=\dimen96
\@pageht=\dimen97
\@pagedp=\dimen98
\@mparbottom=\dimen99
\@currtype=\count70
\@outputbox=\box24
\@leftcolumn=\box25
\@holdpg=\box26
\@kludgeins=\insert200
\@fpstype=\count71
\@reqcolroom=\dimen100
\@textfloatsheight=\dimen101
\c@topnumber=\count72
\c@bottomnumber=\count73
\c@totalnumber=\count74
\c@dbltopnumber=\count75
\floatsep=\skip30
\textfloatsep=\skip31
\intextsep=\skip32
\dblfloatsep=\skip33
\dbltextfloatsep=\skip34
\@fptop=\skip35
\@fpsep=\skip36
\@fpbot=\skip37
\@dblfptop=\skip38
\@dblfpsep=\skip39
\@dblfpbot=\skip40
\pkgcls@targetdate=\count76
\@lowpenalty=\count77
\@medpenalty=\count78
\@highpenalty=\count79

===========================================
Local configuration file hyphen.cfg used
===========================================
(e:/texlive/2019/texmf-dist/tex/generic/babel/hyphen.cfg
File: hyphen.cfg 2019/09/27 3.34 Babel hyphens

(e:/texlive/2019/texmf-dist/tex/generic/babel/switch.def
File: switch.def 2019/09/27 3.34 Babel switching mechanism
)
\l@english=\language0

(e:/texlive/2019/texmf-dist/tex/generic/hyphen/hyphen.tex)
\l@usenglish=\language0
\l@USenglish=\language0
\l@american=\language0
\l@dumylang=\language1

(e:/texlive/2019/texmf-dist/tex/generic/hyphen/dumyhyph.tex)
\l@nohyphenation=\language2

(e:/texlive/2019/texmf-dist/tex/generic/hyphen/zerohyph.tex)
\l@german-x-2019-04-04=\language3

(e:/texlive/2019/texmf-dist/tex/generic/dehyph-exptl/dehypht-x-2019-04-04.tex
dehyph-exptl: using pTeX engine. Loading patterns provided by package hyph-utf8
.
(e:/texlive/2019/texmf-dist/tex/generic/hyph-utf8/patterns/ptex/hyph-de-1901.ec
.tex))
\l@german-x-latest=\language3
\l@ngerman-x-2019-04-04=\language4

(e:/texlive/2019/texmf-dist/tex/generic/dehyph-exptl/dehyphn-x-2019-04-04.tex
dehyph-exptl: using pTeX engine. Loading patterns provided by package hyph-utf8
.
(e:/texlive/2019/texmf-dist/tex/generic/hyph-utf8/patterns/ptex/hyph-de-1996.ec
.tex))
\l@ngerman-x-latest=\language4
\l@afrikaans=\language5

(e:/texlive/2019/texmf-dist/tex/generic/hyph-utf8/loadhyph/loadhyph-af.tex
EC Afrikaans hyphenation patterns
(e:/texlive/2019/texmf-dist/tex/generic/hyph-utf8/patterns/ptex/hyph-af.ec.tex)
)
\l@ancientgreek=\language6
 (e:/texlive/2019/texmf-dist/tex/generic/hyph-utf8/loadhyph/loadhyph-grc.tex
Hyphenation patterns for Ancient Greek
(e:/texlive/2019/texmf-dist/tex/generic/hyphen/grahyph5.tex
Hyphenation patterns for Ancient Greek))
\l@ibycus=\language7

(e:/texlive/2019/texmf-dist/tex/generic/hyphen/ibyhyph.tex
Greek hyphenation patterns for Ibycus encoding, v3.0)
\l@arabic=\language8

(e:/texlive/2019/texmf-dist/tex/generic/hyphen/zerohyph.tex)
\l@armenian=\language9

(e:/texlive/2019/texmf-dist/tex/generic/hyph-utf8/loadhyph/loadhyph-hy.tex
No Armenian hyphenation patterns - only for Unicode engines)
\l@basque=\language10

(e:/texlive/2019/texmf-dist/tex/generic/hyph-utf8/loadhyph/loadhyph-eu.tex
EC Basque hyphenation patterns
(e:/texlive/2019/texmf-dist/tex/generic/hyph-utf8/patterns/ptex/hyph-eu.ec.tex)
)
\l@belarusian=\language11
 (e:/texlive/2019/texmf-dist/tex/generic/hyph-utf8/loadhyph/loadhyph-be.tex
T2A Belarusian hyphenation patterns
(e:/texlive/2019/texmf-dist/tex/generic/hyph-utf8/patterns/ptex/hyph-be.t2a.tex
))
\l@bulgarian=\language12
 (e:/texlive/2019/texmf-dist/tex/generic/hyph-utf8/loadhyph/loadhyph-bg.tex
T2A Bulgarian hyphenation patterns
(e:/texlive/2019/texmf-dist/tex/generic/hyph-utf8/patterns/ptex/hyph-bg.t2a.tex
))
\l@catalan=\language13
 (e:/texlive/2019/texmf-dist/tex/generic/hyph-utf8/loadhyph/loadhyph-ca.tex
EC Catalan hyphenation patterns
(e:/texlive/2019/texmf-dist/tex/generic/hyph-utf8/patterns/ptex/hyph-ca.ec.tex)
)
\l@pinyin=\language14

(e:/texlive/2019/texmf-dist/tex/generic/hyph-utf8/loadhyph/loadhyph-zh-latn-pin
yin.tex EC Pinyin Hyphenation Patterns (with tone markers) 2018-11-25 (WL)
(e:/texlive/2019/texmf-dist/tex/generic/hyph-utf8/patterns/ptex/hyph-zh-latn-pi
nyin.ec.tex))
\l@churchslavonic=\language15

(e:/texlive/2019/texmf-dist/tex/generic/hyph-utf8/loadhyph/loadhyph-cu.tex
No Church Slavonic hyphenation patterns - only for Unicode engines)
\l@coptic=\language16

(e:/texlive/2019/texmf-dist/tex/generic/hyph-utf8/loadhyph/loadhyph-cop.tex
Coptic hyphenation patterns
(e:/texlive/2019/texmf-dist/tex/generic/hyph-utf8/patterns/tex-8bit/copthyph.te
x))
\l@croatian=\language17
 (e:/texlive/2019/texmf-dist/tex/generic/hyph-utf8/loadhyph/loadhyph-hr.tex
EC Croatian hyphenation patterns
(e:/texlive/2019/texmf-dist/tex/generic/hyph-utf8/patterns/ptex/hyph-hr.ec.tex)
)
\l@czech=\language18
 (e:/texlive/2019/texmf-dist/tex/generic/hyph-utf8/loadhyph/loadhyph-cs.tex
EC Czech hyphenation patterns
(e:/texlive/2019/texmf-dist/tex/generic/hyph-utf8/patterns/ptex/hyph-cs.ec.tex)
)
\l@danish=\language19
 (e:/texlive/2019/texmf-dist/tex/generic/hyph-utf8/loadhyph/loadhyph-da.tex
EC Danish hyphenation patterns
(e:/texlive/2019/texmf-dist/tex/generic/hyph-utf8/patterns/ptex/hyph-da.ec.tex)
)
\l@dutch=\language20
 (e:/texlive/2019/texmf-dist/tex/generic/hyph-utf8/loadhyph/loadhyph-nl.tex
EC Dutch hyphenation patterns
(e:/texlive/2019/texmf-dist/tex/generic/hyph-utf8/patterns/ptex/hyph-nl.ec.tex)
)
\l@ukenglish=\language21
 (e:/texlive/2019/texmf-dist/tex/generic/hyph-utf8/loadhyph/loadhyph-en-gb.tex 
ASCII Hyphenation patterns for British English
(e:/texlive/2019/texmf-dist/tex/generic/hyph-utf8/patterns/tex/hyph-en-gb.tex))
\l@british=\language21
\l@UKenglish=\language21
\l@usenglishmax=\language22
(e:/texlive/2019/texmf-dist/tex/generic/hyph-utf8/loadhyph/loadhyph-en-us.tex
ASCII Hyphenation patterns for American English
(e:/texlive/2019/texmf-dist/tex/generic/hyph-utf8/patterns/tex/hyph-en-us.tex))
\l@esperanto=\language23
(e:/texlive/2019/texmf-dist/tex/generic/hyph-utf8/loadhyph/loadhyph-eo.tex
IL3 Esperanto hyphenation patterns
(e:/texlive/2019/texmf-dist/tex/generic/hyph-utf8/patterns/ptex/hyph-eo.il3.tex
))
\l@estonian=\language24
 (e:/texlive/2019/texmf-dist/tex/generic/hyph-utf8/loadhyph/loadhyph-et.tex
EC Estonian hyphenation patterns
(e:/texlive/2019/texmf-dist/tex/generic/hyph-utf8/patterns/ptex/hyph-et.ec.tex)
)
\l@ethiopic=\language25

(e:/texlive/2019/texmf-dist/tex/generic/hyph-utf8/loadhyph/loadhyph-mul-ethi.te
x No Pan-Ethiopic hyphenation patterns - only for Unicode engines)
\l@amharic=\language25
\l@geez=\language25
\l@farsi=\language26

(e:/texlive/2019/texmf-dist/tex/generic/hyphen/zerohyph.tex)
\l@persian=\language26
\l@finnish=\language27

(e:/texlive/2019/texmf-dist/tex/generic/hyph-utf8/loadhyph/loadhyph-fi.tex
EC Finnish hyphenation patterns
(e:/texlive/2019/texmf-dist/tex/generic/hyph-utf8/patterns/ptex/hyph-fi.ec.tex)
)
\l@french=\language28
 (e:/texlive/2019/texmf-dist/tex/generic/hyph-utf8/loadhyph/loadhyph-fr.tex
EC French hyphenation patterns
(e:/texlive/2019/texmf-dist/tex/generic/hyph-utf8/patterns/ptex/hyph-fr.ec.tex)
)
\l@patois=\language28
\l@francais=\language28
\l@friulan=\language29
 (e:/texlive/2019/texmf-dist/tex/generic/hyph-utf8/loadhyph/loadhyph-fur.tex
EC Friulan hyphenation patterns
(e:/texlive/2019/texmf-dist/tex/generic/hyph-utf8/patterns/ptex/hyph-fur.ec.tex
))
\l@galician=\language30
 (e:/texlive/2019/texmf-dist/tex/generic/hyph-utf8/loadhyph/loadhyph-gl.tex
EC Galician hyphenation patterns
(e:/texlive/2019/texmf-dist/tex/generic/hyph-utf8/patterns/ptex/hyph-gl.ec.tex)
)
\l@georgian=\language31
 (e:/texlive/2019/texmf-dist/tex/generic/hyph-utf8/loadhyph/loadhyph-ka.tex
T8M Georgian hyphenation patterns
(e:/texlive/2019/texmf-dist/tex/generic/hyph-utf8/patterns/ptex/hyph-ka.t8m.tex
))
\l@german=\language32

(e:/texlive/2019/texmf-dist/tex/generic/hyph-utf8/loadhyph/loadhyph-de-1901.tex
EC German hyphenation patterns (traditional orthography)
(e:/texlive/2019/texmf-dist/tex/generic/hyph-utf8/patterns/ptex/hyph-de-1901.ec
.tex))
\l@ngerman=\language33

(e:/texlive/2019/texmf-dist/tex/generic/hyph-utf8/loadhyph/loadhyph-de-1996.tex
EC German hyphenation patterns (reformed orthography)
(e:/texlive/2019/texmf-dist/tex/generic/hyph-utf8/patterns/ptex/hyph-de-1996.ec
.tex))
\l@swissgerman=\language34

(e:/texlive/2019/texmf-dist/tex/generic/hyph-utf8/loadhyph/loadhyph-de-ch-1901.
tex EC Swiss-German hyphenation patterns (traditional orthography)
(e:/texlive/2019/texmf-dist/tex/generic/hyph-utf8/patterns/ptex/hyph-de-ch-1901
.ec.tex))
\l@monogreek=\language35

(e:/texlive/2019/texmf-dist/tex/generic/hyph-utf8/loadhyph/loadhyph-el-monoton.
tex Hyphenation patterns for uni-accent (monotonic) Modern Greek
(e:/texlive/2019/texmf-dist/tex/generic/hyphen/grmhyph5.tex
Hyphenation patterns for uni-accent (monotonic) Modern Greek))
\l@greek=\language36

(e:/texlive/2019/texmf-dist/tex/generic/hyph-utf8/loadhyph/loadhyph-el-polyton.
tex Hyphenation patterns for multi-accent (polytonic) Modern Greek
(e:/texlive/2019/texmf-dist/tex/generic/hyphen/grphyph5.tex
Hyphenation patterns for multi-accent (polytonic) Modern Greek))
\l@polygreek=\language36
\l@hungarian=\language37

(e:/texlive/2019/texmf-dist/tex/generic/hyph-utf8/loadhyph/loadhyph-hu.tex
EC Hungarian hyphenation patterns
(e:/texlive/2019/texmf-dist/tex/generic/hyph-utf8/patterns/ptex/hyph-hu.ec.tex)
)
\l@icelandic=\language38
 (e:/texlive/2019/texmf-dist/tex/generic/hyph-utf8/loadhyph/loadhyph-is.tex
EC Icelandic hyphenation patterns
(e:/texlive/2019/texmf-dist/tex/generic/hyph-utf8/patterns/ptex/hyph-is.ec.tex)
)
\l@assamese=\language39
 (e:/texlive/2019/texmf-dist/tex/generic/hyph-utf8/loadhyph/loadhyph-as.tex
No Assamese hyphenation patterns - only for Unicode engines)
\l@bengali=\language40

(e:/texlive/2019/texmf-dist/tex/generic/hyph-utf8/loadhyph/loadhyph-bn.tex
No Bengali hyphenation patterns - only for Unicode engines)
\l@gujarati=\language41

(e:/texlive/2019/texmf-dist/tex/generic/hyph-utf8/loadhyph/loadhyph-gu.tex
No Gujarati hyphenation patterns - only for Unicode engines)
\l@hindi=\language42

(e:/texlive/2019/texmf-dist/tex/generic/hyph-utf8/loadhyph/loadhyph-hi.tex
No Hindi hyphenation patterns - only for Unicode engines)
\l@kannada=\language43

(e:/texlive/2019/texmf-dist/tex/generic/hyph-utf8/loadhyph/loadhyph-kn.tex
No Kannada hyphenation patterns - only for Unicode engines)
\l@malayalam=\language44

(e:/texlive/2019/texmf-dist/tex/generic/hyph-utf8/loadhyph/loadhyph-ml.tex
No Malayalam hyphenation patterns - only for Unicode engines)
\l@marathi=\language45

(e:/texlive/2019/texmf-dist/tex/generic/hyph-utf8/loadhyph/loadhyph-mr.tex
No Marathi hyphenation patterns - only for Unicode engines)
\l@oriya=\language46

(e:/texlive/2019/texmf-dist/tex/generic/hyph-utf8/loadhyph/loadhyph-or.tex
No Oriya hyphenation patterns - only for Unicode engines)
\l@panjabi=\language47

(e:/texlive/2019/texmf-dist/tex/generic/hyph-utf8/loadhyph/loadhyph-pa.tex
No Panjabi hyphenation patterns - only for Unicode engines)
\l@pali=\language48

(e:/texlive/2019/texmf-dist/tex/generic/hyph-utf8/loadhyph/loadhyph-pi.tex
No Pali hyphenation patterns - only for Unicode engines)
\l@tamil=\language49

(e:/texlive/2019/texmf-dist/tex/generic/hyph-utf8/loadhyph/loadhyph-ta.tex
No Tamil hyphenation patterns - only for Unicode engines)
\l@telugu=\language50

(e:/texlive/2019/texmf-dist/tex/generic/hyph-utf8/loadhyph/loadhyph-te.tex
No Telugu hyphenation patterns - only for Unicode engines)
\l@indonesian=\language51

(e:/texlive/2019/texmf-dist/tex/generic/hyph-utf8/loadhyph/loadhyph-id.tex
ASCII Indonesian hyphenation patterns
(e:/texlive/2019/texmf-dist/tex/generic/hyph-utf8/patterns/tex/hyph-id.tex))
\l@interlingua=\language52

(e:/texlive/2019/texmf-dist/tex/generic/hyph-utf8/loadhyph/loadhyph-ia.tex
ASCII Hyphenation patterns for Interlingua
(e:/texlive/2019/texmf-dist/tex/generic/hyph-utf8/patterns/tex/hyph-ia.tex))
\l@irish=\language53

(e:/texlive/2019/texmf-dist/tex/generic/hyph-utf8/loadhyph/loadhyph-ga.tex
EC Irish hyphenation patterns
(e:/texlive/2019/texmf-dist/tex/generic/hyph-utf8/patterns/ptex/hyph-ga.ec.tex)
)
\l@italian=\language54
 (e:/texlive/2019/texmf-dist/tex/generic/hyph-utf8/loadhyph/loadhyph-it.tex
ASCII Italian hyphenation patterns
(e:/texlive/2019/texmf-dist/tex/generic/hyph-utf8/patterns/tex/hyph-it.tex))
\l@kurmanji=\language55

(e:/texlive/2019/texmf-dist/tex/generic/hyph-utf8/loadhyph/loadhyph-kmr.tex
EC Kurmanji hyphenation patterns
(e:/texlive/2019/texmf-dist/tex/generic/hyph-utf8/patterns/ptex/hyph-kmr.ec.tex
))
\l@latin=\language56
 (e:/texlive/2019/texmf-dist/tex/generic/hyph-utf8/loadhyph/loadhyph-la.tex
EC Latin hyphenation patterns
(e:/texlive/2019/texmf-dist/tex/generic/hyph-utf8/patterns/ptex/hyph-la.ec.tex)
)
\l@classiclatin=\language57

(e:/texlive/2019/texmf-dist/tex/generic/hyph-utf8/loadhyph/loadhyph-la-x-classi
c.tex ASCII Classical Latin hyphenation patterns
(e:/texlive/2019/texmf-dist/tex/generic/hyph-utf8/patterns/tex/hyph-la-x-classi
c.tex))
\l@liturgicallatin=\language58

(e:/texlive/2019/texmf-dist/tex/generic/hyph-utf8/loadhyph/loadhyph-la-x-liturg
ic.tex EC Liturgical Latin hyphenation patterns
(e:/texlive/2019/texmf-dist/tex/generic/hyph-utf8/patterns/ptex/hyph-la-x-litur
gic.ec.tex))
\l@latvian=\language59

(e:/texlive/2019/texmf-dist/tex/generic/hyph-utf8/loadhyph/loadhyph-lv.tex
L7X Latvian hyphenation patterns
(e:/texlive/2019/texmf-dist/tex/generic/hyph-utf8/patterns/ptex/hyph-lv.l7x.tex
))
\l@lithuanian=\language60
 (e:/texlive/2019/texmf-dist/tex/generic/hyph-utf8/loadhyph/loadhyph-lt.tex
L7X Lithuanian hyphenation patterns
(e:/texlive/2019/texmf-dist/tex/generic/hyph-utf8/patterns/ptex/hyph-lt.l7x.tex
))
\l@mongolian=\language61

(e:/texlive/2019/texmf-dist/tex/generic/hyph-utf8/loadhyph/loadhyph-mn-cyrl.tex
T2A (New) Mongolian hyphenation patterns
(e:/texlive/2019/texmf-dist/tex/generic/hyph-utf8/patterns/ptex/hyph-mn-cyrl.t2
a.tex))
\l@mongolianlmc=\language62

(e:/texlive/2019/texmf-dist/tex/generic/hyph-utf8/loadhyph/loadhyph-mn-cyrl-x-l
mc.tex LMC Mongolian hyphenation patterns
(e:/texlive/2019/texmf-dist/tex/generic/hyph-utf8/patterns/ptex/hyph-mn-cyrl-x-
lmc.lmc.tex))
\l@bokmal=\language63

(e:/texlive/2019/texmf-dist/tex/generic/hyph-utf8/loadhyph/loadhyph-nb.tex
EC Norwegian Bokmal hyphenation patterns
(e:/texlive/2019/texmf-dist/tex/generic/hyph-utf8/patterns/ptex/hyph-nb.ec.tex)
)
\l@norwegian=\language63
\l@norsk=\language63
\l@nynorsk=\language64
 (e:/texlive/2019/texmf-dist/tex/generic/hyph-utf8/loadhyph/loadhyph-nn.tex
EC Norwegian Nynorsk hyphenation patterns
(e:/texlive/2019/texmf-dist/tex/generic/hyph-utf8/patterns/ptex/hyph-nn.ec.tex)
)
\l@occitan=\language65
 (e:/texlive/2019/texmf-dist/tex/generic/hyph-utf8/loadhyph/loadhyph-oc.tex
EC Occitan hyphenation patterns
(e:/texlive/2019/texmf-dist/tex/generic/hyph-utf8/patterns/ptex/hyph-oc.ec.tex)
)
\l@piedmontese=\language66
 (e:/texlive/2019/texmf-dist/tex/generic/hyph-utf8/loadhyph/loadhyph-pms.tex
ASCII Piedmontese hyphenation patterns
(e:/texlive/2019/texmf-dist/tex/generic/hyph-utf8/patterns/tex/hyph-pms.tex))
\l@polish=\language67

(e:/texlive/2019/texmf-dist/tex/generic/hyph-utf8/loadhyph/loadhyph-pl.tex
QX Polish hyphenation patterns
(e:/texlive/2019/texmf-dist/tex/generic/hyph-utf8/patterns/ptex/hyph-pl.qx.tex)
)
\l@portuguese=\language68
 (e:/texlive/2019/texmf-dist/tex/generic/hyph-utf8/loadhyph/loadhyph-pt.tex
EC Portuguese hyphenation patterns
(e:/texlive/2019/texmf-dist/tex/generic/hyph-utf8/patterns/ptex/hyph-pt.ec.tex)
)
\l@portuges=\language68
\l@romanian=\language69
 (e:/texlive/2019/texmf-dist/tex/generic/hyph-utf8/loadhyph/loadhyph-ro.tex
EC Romanian hyphenation patterns
(e:/texlive/2019/texmf-dist/tex/generic/hyph-utf8/patterns/ptex/hyph-ro.ec.tex)
)
\l@romansh=\language70
 (e:/texlive/2019/texmf-dist/tex/generic/hyph-utf8/loadhyph/loadhyph-rm.tex
ASCII Romansh hyphenation patterns
(e:/texlive/2019/texmf-dist/tex/generic/hyph-utf8/patterns/tex/hyph-rm.tex))
\l@russian=\language71

(e:/texlive/2019/texmf-dist/tex/generic/hyph-utf8/loadhyph/loadhyph-ru.tex
T2A Russian hyphenation patterns
(e:/texlive/2019/texmf-dist/tex/generic/hyph-utf8/patterns/ptex/hyph-ru.t2a.tex
))
\l@sanskrit=\language72
 (e:/texlive/2019/texmf-dist/tex/generic/hyph-utf8/loadhyph/loadhyph-sa.tex
No Sanskrit hyphenation patterns - only for Unicode engines)
\l@serbian=\language73

(e:/texlive/2019/texmf-dist/tex/generic/hyph-utf8/loadhyph/loadhyph-sr-latn.tex
EC Serbian hyphenation patterns in Latin script
(e:/texlive/2019/texmf-dist/tex/generic/hyph-utf8/patterns/ptex/hyph-sh-latn.ec
.tex))
\l@serbianc=\language74

(e:/texlive/2019/texmf-dist/tex/generic/hyph-utf8/loadhyph/loadhyph-sr-cyrl.tex
T2A Serbian hyphenation patterns in Cyrillic script
(e:/texlive/2019/texmf-dist/tex/generic/hyph-utf8/patterns/ptex/hyph-sh-cyrl.t2
a.tex))
\l@slovak=\language75

(e:/texlive/2019/texmf-dist/tex/generic/hyph-utf8/loadhyph/loadhyph-sk.tex
EC Slovak hyphenation patterns
(e:/texlive/2019/texmf-dist/tex/generic/hyph-utf8/patterns/ptex/hyph-sk.ec.tex)
)
\l@slovenian=\language76
 (e:/texlive/2019/texmf-dist/tex/generic/hyph-utf8/loadhyph/loadhyph-sl.tex
EC Slovenian hyphenation patterns
(e:/texlive/2019/texmf-dist/tex/generic/hyph-utf8/patterns/ptex/hyph-sl.ec.tex)
)
\l@slovene=\language76
\l@spanish=\language77
 (e:/texlive/2019/texmf-dist/tex/generic/hyph-utf8/loadhyph/loadhyph-es.tex
EC Spanish hyphenation patterns
(e:/texlive/2019/texmf-dist/tex/generic/hyph-utf8/patterns/ptex/hyph-es.ec.tex)
)
\l@espanol=\language77
\l@swedish=\language78
 (e:/texlive/2019/texmf-dist/tex/generic/hyph-utf8/loadhyph/loadhyph-sv.tex
EC Swedish hyphenation patterns
(e:/texlive/2019/texmf-dist/tex/generic/hyph-utf8/patterns/ptex/hyph-sv.ec.tex)
)
\l@thai=\language79
 (e:/texlive/2019/texmf-dist/tex/generic/hyph-utf8/loadhyph/loadhyph-th.tex
LTH Thai hyphenation patterns
(e:/texlive/2019/texmf-dist/tex/generic/hyph-utf8/patterns/ptex/hyph-th.lth.tex
))
\l@turkish=\language80
 (e:/texlive/2019/texmf-dist/tex/generic/hyph-utf8/loadhyph/loadhyph-tr.tex
EC Turkish hyphenation patterns
(e:/texlive/2019/texmf-dist/tex/generic/hyph-utf8/patterns/ptex/hyph-tr.ec.tex)
)
\l@turkmen=\language81
 (e:/texlive/2019/texmf-dist/tex/generic/hyph-utf8/loadhyph/loadhyph-tk.tex
EC Turkmen hyphenation patterns
(e:/texlive/2019/texmf-dist/tex/generic/hyph-utf8/patterns/ptex/hyph-tk.ec.tex)
)
\l@ukrainian=\language82
 (e:/texlive/2019/texmf-dist/tex/generic/hyph-utf8/loadhyph/loadhyph-uk.tex
T2A Ukrainian hyphenation patterns
(e:/texlive/2019/texmf-dist/tex/generic/hyph-utf8/patterns/ptex/hyph-uk.t2a.tex
))
\l@uppersorbian=\language83
 (e:/texlive/2019/texmf-dist/tex/generic/hyph-utf8/loadhyph/loadhyph-hsb.tex
EC Upper Sorbian hyphenation patterns
(e:/texlive/2019/texmf-dist/tex/generic/hyph-utf8/patterns/ptex/hyph-hsb.ec.tex
))
\l@welsh=\language84
 (e:/texlive/2019/texmf-dist/tex/generic/hyph-utf8/loadhyph/loadhyph-cy.tex
EC Welsh hyphenation patterns
(e:/texlive/2019/texmf-dist/tex/generic/hyph-utf8/patterns/ptex/hyph-cy.ec.tex)
)) (e:/texlive/2019/texmf-dist/tex/latex/base/utf8.def
File: utf8.def 2019/07/11 v1.2j UTF-8 support for inputenc

(e:/texlive/2019/texmf-dist/tex/latex/base/utf8-2018.def
File: utf8.def 2018/10/05 v1.2f UTF-8 support for inputenc
Now handling font encoding OML ...
... no UTF-8 mapping file for font encoding OML
Now handling font encoding T1 ...
... processing UTF-8 mapping file for font encoding T1

(e:/texlive/2019/texmf-dist/tex/latex/base/t1enc.dfu
File: t1enc.dfu 2019/07/11 v1.2j UTF-8 support for inputenc
   defining Unicode char U+00A0 (decimal 160)
   defining Unicode char U+00A1 (decimal 161)
   defining Unicode char U+00A3 (decimal 163)
   defining Unicode char U+00AB (decimal 171)
   defining Unicode char U+00AD (decimal 173)
   defining Unicode char U+00BB (decimal 187)
   defining Unicode char U+00BF (decimal 191)
   defining Unicode char U+00C0 (decimal 192)
   defining Unicode char U+00C1 (decimal 193)
   defining Unicode char U+00C2 (decimal 194)
   defining Unicode char U+00C3 (decimal 195)
   defining Unicode char U+00C4 (decimal 196)
   defining Unicode char U+00C5 (decimal 197)
   defining Unicode char U+00C6 (decimal 198)
   defining Unicode char U+00C7 (decimal 199)
   defining Unicode char U+00C8 (decimal 200)
   defining Unicode char U+00C9 (decimal 201)
   defining Unicode char U+00CA (decimal 202)
   defining Unicode char U+00CB (decimal 203)
   defining Unicode char U+00CC (decimal 204)
   defining Unicode char U+00CD (decimal 205)
   defining Unicode char U+00CE (decimal 206)
   defining Unicode char U+00CF (decimal 207)
   defining Unicode char U+00D0 (decimal 208)
   defining Unicode char U+00D1 (decimal 209)
   defining Unicode char U+00D2 (decimal 210)
   defining Unicode char U+00D3 (decimal 211)
   defining Unicode char U+00D4 (decimal 212)
   defining Unicode char U+00D5 (decimal 213)
   defining Unicode char U+00D6 (decimal 214)
   defining Unicode char U+00D8 (decimal 216)
   defining Unicode char U+00D9 (decimal 217)
   defining Unicode char U+00DA (decimal 218)
   defining Unicode char U+00DB (decimal 219)
   defining Unicode char U+00DC (decimal 220)
   defining Unicode char U+00DD (decimal 221)
   defining Unicode char U+00DE (decimal 222)
   defining Unicode char U+00DF (decimal 223)
   defining Unicode char U+00E0 (decimal 224)
   defining Unicode char U+00E1 (decimal 225)
   defining Unicode char U+00E2 (decimal 226)
   defining Unicode char U+00E3 (decimal 227)
   defining Unicode char U+00E4 (decimal 228)
   defining Unicode char U+00E5 (decimal 229)
   defining Unicode char U+00E6 (decimal 230)
   defining Unicode char U+00E7 (decimal 231)
   defining Unicode char U+00E8 (decimal 232)
   defining Unicode char U+00E9 (decimal 233)
   defining Unicode char U+00EA (decimal 234)
   defining Unicode char U+00EB (decimal 235)
   defining Unicode char U+00EC (decimal 236)
   defining Unicode char U+00ED (decimal 237)
   defining Unicode char U+00EE (decimal 238)
   defining Unicode char U+00EF (decimal 239)
   defining Unicode char U+00F0 (decimal 240)
   defining Unicode char U+00F1 (decimal 241)
   defining Unicode char U+00F2 (decimal 242)
   defining Unicode char U+00F3 (decimal 243)
   defining Unicode char U+00F4 (decimal 244)
   defining Unicode char U+00F5 (decimal 245)
   defining Unicode char U+00F6 (decimal 246)
   defining Unicode char U+00F8 (decimal 248)
   defining Unicode char U+00F9 (decimal 249)
   defining Unicode char U+00FA (decimal 250)
   defining Unicode char U+00FB (decimal 251)
   defining Unicode char U+00FC (decimal 252)
   defining Unicode char U+00FD (decimal 253)
   defining Unicode char U+00FE (decimal 254)
   defining Unicode char U+00FF (decimal 255)
   defining Unicode char U+0100 (decimal 256)
   defining Unicode char U+0101 (decimal 257)
   defining Unicode char U+0102 (decimal 258)
   defining Unicode char U+0103 (decimal 259)
   defining Unicode char U+0104 (decimal 260)
   defining Unicode char U+0105 (decimal 261)
   defining Unicode char U+0106 (decimal 262)
   defining Unicode char U+0107 (decimal 263)
   defining Unicode char U+0108 (decimal 264)
   defining Unicode char U+0109 (decimal 265)
   defining Unicode char U+010A (decimal 266)
   defining Unicode char U+010B (decimal 267)
   defining Unicode char U+010C (decimal 268)
   defining Unicode char U+010D (decimal 269)
   defining Unicode char U+010E (decimal 270)
   defining Unicode char U+010F (decimal 271)
   defining Unicode char U+0110 (decimal 272)
   defining Unicode char U+0111 (decimal 273)
   defining Unicode char U+0112 (decimal 274)
   defining Unicode char U+0113 (decimal 275)
   defining Unicode char U+0114 (decimal 276)
   defining Unicode char U+0115 (decimal 277)
   defining Unicode char U+0116 (decimal 278)
   defining Unicode char U+0117 (decimal 279)
   defining Unicode char U+0118 (decimal 280)
   defining Unicode char U+0119 (decimal 281)
   defining Unicode char U+011A (decimal 282)
   defining Unicode char U+011B (decimal 283)
   defining Unicode char U+011C (decimal 284)
   defining Unicode char U+011D (decimal 285)
   defining Unicode char U+011E (decimal 286)
   defining Unicode char U+011F (decimal 287)
   defining Unicode char U+0120 (decimal 288)
   defining Unicode char U+0121 (decimal 289)
   defining Unicode char U+0122 (decimal 290)
   defining Unicode char U+0123 (decimal 291)
   defining Unicode char U+0124 (decimal 292)
   defining Unicode char U+0125 (decimal 293)
   defining Unicode char U+0128 (decimal 296)
   defining Unicode char U+0129 (decimal 297)
   defining Unicode char U+012A (decimal 298)
   defining Unicode char U+012B (decimal 299)
   defining Unicode char U+012C (decimal 300)
   defining Unicode char U+012D (decimal 301)
   defining Unicode char U+012E (decimal 302)
   defining Unicode char U+012F (decimal 303)
   defining Unicode char U+0130 (decimal 304)
   defining Unicode char U+0131 (decimal 305)
   defining Unicode char U+0132 (decimal 306)
   defining Unicode char U+0133 (decimal 307)
   defining Unicode char U+0134 (decimal 308)
   defining Unicode char U+0135 (decimal 309)
   defining Unicode char U+0136 (decimal 310)
   defining Unicode char U+0137 (decimal 311)
   defining Unicode char U+0139 (decimal 313)
   defining Unicode char U+013A (decimal 314)
   defining Unicode char U+013B (decimal 315)
   defining Unicode char U+013C (decimal 316)
   defining Unicode char U+013D (decimal 317)
   defining Unicode char U+013E (decimal 318)
   defining Unicode char U+0141 (decimal 321)
   defining Unicode char U+0142 (decimal 322)
   defining Unicode char U+0143 (decimal 323)
   defining Unicode char U+0144 (decimal 324)
   defining Unicode char U+0145 (decimal 325)
   defining Unicode char U+0146 (decimal 326)
   defining Unicode char U+0147 (decimal 327)
   defining Unicode char U+0148 (decimal 328)
   defining Unicode char U+014A (decimal 330)
   defining Unicode char U+014B (decimal 331)
   defining Unicode char U+014C (decimal 332)
   defining Unicode char U+014D (decimal 333)
   defining Unicode char U+014E (decimal 334)
   defining Unicode char U+014F (decimal 335)
   defining Unicode char U+0150 (decimal 336)
   defining Unicode char U+0151 (decimal 337)
   defining Unicode char U+0152 (decimal 338)
   defining Unicode char U+0153 (decimal 339)
   defining Unicode char U+0154 (decimal 340)
   defining Unicode char U+0155 (decimal 341)
   defining Unicode char U+0156 (decimal 342)
   defining Unicode char U+0157 (decimal 343)
   defining Unicode char U+0158 (decimal 344)
   defining Unicode char U+0159 (decimal 345)
   defining Unicode char U+015A (decimal 346)
   defining Unicode char U+015B (decimal 347)
   defining Unicode char U+015C (decimal 348)
   defining Unicode char U+015D (decimal 349)
   defining Unicode char U+015E (decimal 350)
   defining Unicode char U+015F (decimal 351)
   defining Unicode char U+0160 (decimal 352)
   defining Unicode char U+0161 (decimal 353)
   defining Unicode char U+0162 (decimal 354)
   defining Unicode char U+0163 (decimal 355)
   defining Unicode char U+0164 (decimal 356)
   defining Unicode char U+0165 (decimal 357)
   defining Unicode char U+0168 (decimal 360)
   defining Unicode char U+0169 (decimal 361)
   defining Unicode char U+016A (decimal 362)
   defining Unicode char U+016B (decimal 363)
   defining Unicode char U+016C (decimal 364)
   defining Unicode char U+016D (decimal 365)
   defining Unicode char U+016E (decimal 366)
   defining Unicode char U+016F (decimal 367)
   defining Unicode char U+0170 (decimal 368)
   defining Unicode char U+0171 (decimal 369)
   defining Unicode char U+0172 (decimal 370)
   defining Unicode char U+0173 (decimal 371)
   defining Unicode char U+0174 (decimal 372)
   defining Unicode char U+0175 (decimal 373)
   defining Unicode char U+0176 (decimal 374)
   defining Unicode char U+0177 (decimal 375)
   defining Unicode char U+0178 (decimal 376)
   defining Unicode char U+0179 (decimal 377)
   defining Unicode char U+017A (decimal 378)
   defining Unicode char U+017B (decimal 379)
   defining Unicode char U+017C (decimal 380)
   defining Unicode char U+017D (decimal 381)
   defining Unicode char U+017E (decimal 382)
   defining Unicode char U+01CD (decimal 461)
   defining Unicode char U+01CE (decimal 462)
   defining Unicode char U+01CF (decimal 463)
   defining Unicode char U+01D0 (decimal 464)
   defining Unicode char U+01D1 (decimal 465)
   defining Unicode char U+01D2 (decimal 466)
   defining Unicode char U+01D3 (decimal 467)
   defining Unicode char U+01D4 (decimal 468)
   defining Unicode char U+01E2 (decimal 482)
   defining Unicode char U+01E3 (decimal 483)
   defining Unicode char U+01E6 (decimal 486)
   defining Unicode char U+01E7 (decimal 487)
   defining Unicode char U+01E8 (decimal 488)
   defining Unicode char U+01E9 (decimal 489)
   defining Unicode char U+01EA (decimal 490)
   defining Unicode char U+01EB (decimal 491)
   defining Unicode char U+01F0 (decimal 496)
   defining Unicode char U+01F4 (decimal 500)
   defining Unicode char U+01F5 (decimal 501)
   defining Unicode char U+0218 (decimal 536)
   defining Unicode char U+0219 (decimal 537)
   defining Unicode char U+021A (decimal 538)
   defining Unicode char U+021B (decimal 539)
   defining Unicode char U+0232 (decimal 562)
   defining Unicode char U+0233 (decimal 563)
   defining Unicode char U+0237 (decimal 567)
   defining Unicode char U+02D9 (decimal 729)
   defining Unicode char U+02DB (decimal 731)
   defining Unicode char U+1E02 (decimal 7682)
   defining Unicode char U+1E03 (decimal 7683)
   defining Unicode char U+1E9E (decimal 7838)
   defining Unicode char U+200C (decimal 8204)
   defining Unicode char U+2010 (decimal 8208)
   defining Unicode char U+2011 (decimal 8209)
   defining Unicode char U+2012 (decimal 8210)
   defining Unicode char U+2013 (decimal 8211)
   defining Unicode char U+2014 (decimal 8212)
   defining Unicode char U+2015 (decimal 8213)
   defining Unicode char U+2018 (decimal 8216)
   defining Unicode char U+2019 (decimal 8217)
   defining Unicode char U+201A (decimal 8218)
   defining Unicode char U+201C (decimal 8220)
   defining Unicode char U+201D (decimal 8221)
   defining Unicode char U+201E (decimal 8222)
   defining Unicode char U+2030 (decimal 8240)
   defining Unicode char U+2031 (decimal 8241)
   defining Unicode char U+2039 (decimal 8249)
   defining Unicode char U+203A (decimal 8250)
   defining Unicode char U+2423 (decimal 9251)
   defining Unicode char U+1E20 (decimal 7712)
   defining Unicode char U+1E21 (decimal 7713)
   defining Unicode char U+FB00 (decimal 64256)
   defining Unicode char U+FB01 (decimal 64257)
   defining Unicode char U+FB02 (decimal 64258)
   defining Unicode char U+FB03 (decimal 64259)
   defining Unicode char U+FB04 (decimal 64260)
   defining Unicode char U+FB05 (decimal 64261)
   defining Unicode char U+FB06 (decimal 64262)
)
Now handling font encoding OT1 ...
... processing UTF-8 mapping file for font encoding OT1

(e:/texlive/2019/texmf-dist/tex/latex/base/ot1enc.dfu
File: ot1enc.dfu 2019/07/11 v1.2j UTF-8 support for inputenc
   defining Unicode char U+00A0 (decimal 160)
   defining Unicode char U+00A1 (decimal 161)
   defining Unicode char U+00A3 (decimal 163)
   defining Unicode char U+00AD (decimal 173)
   defining Unicode char U+00B8 (decimal 184)
   defining Unicode char U+00BF (decimal 191)
   defining Unicode char U+00C5 (decimal 197)
   defining Unicode char U+00C6 (decimal 198)
   defining Unicode char U+00D8 (decimal 216)
   defining Unicode char U+00DF (decimal 223)
   defining Unicode char U+00E6 (decimal 230)
   defining Unicode char U+00EC (decimal 236)
   defining Unicode char U+00ED (decimal 237)
   defining Unicode char U+00EE (decimal 238)
   defining Unicode char U+00EF (decimal 239)
   defining Unicode char U+00F8 (decimal 248)
   defining Unicode char U+0131 (decimal 305)
   defining Unicode char U+0141 (decimal 321)
   defining Unicode char U+0142 (decimal 322)
   defining Unicode char U+0152 (decimal 338)
   defining Unicode char U+0153 (decimal 339)
   defining Unicode char U+0174 (decimal 372)
   defining Unicode char U+0175 (decimal 373)
   defining Unicode char U+0176 (decimal 374)
   defining Unicode char U+0177 (decimal 375)
   defining Unicode char U+0218 (decimal 536)
   defining Unicode char U+0219 (decimal 537)
   defining Unicode char U+021A (decimal 538)
   defining Unicode char U+021B (decimal 539)
   defining Unicode char U+0237 (decimal 567)
   defining Unicode char U+2013 (decimal 8211)
   defining Unicode char U+2014 (decimal 8212)
   defining Unicode char U+2018 (decimal 8216)
   defining Unicode char U+2019 (decimal 8217)
   defining Unicode char U+201C (decimal 8220)
   defining Unicode char U+201D (decimal 8221)
   defining Unicode char U+FB00 (decimal 64256)
   defining Unicode char U+FB01 (decimal 64257)
   defining Unicode char U+FB02 (decimal 64258)
   defining Unicode char U+FB03 (decimal 64259)
   defining Unicode char U+FB04 (decimal 64260)
   defining Unicode char U+FB05 (decimal 64261)
   defining Unicode char U+FB06 (decimal 64262)
)
Now handling font encoding OMS ...
... processing UTF-8 mapping file for font encoding OMS

(e:/texlive/2019/texmf-dist/tex/latex/base/omsenc.dfu
File: omsenc.dfu 2019/07/11 v1.2j UTF-8 support for inputenc
   defining Unicode char U+00A7 (decimal 167)
   defining Unicode char U+00B6 (decimal 182)
   defining Unicode char U+00B7 (decimal 183)
   defining Unicode char U+2020 (decimal 8224)
   defining Unicode char U+2021 (decimal 8225)
   defining Unicode char U+2022 (decimal 8226)
)
Now handling font encoding OMX ...
... no UTF-8 mapping file for font encoding OMX
Now handling font encoding U ...
... no UTF-8 mapping file for font encoding U
   defining Unicode char U+00A9 (decimal 169)
   defining Unicode char U+00AA (decimal 170)
   defining Unicode char U+00AE (decimal 174)
   defining Unicode char U+00BA (decimal 186)
   defining Unicode char U+02C6 (decimal 710)
   defining Unicode char U+02DC (decimal 732)
   defining Unicode char U+200C (decimal 8204)
   defining Unicode char U+2026 (decimal 8230)
   defining Unicode char U+2122 (decimal 8482)
   defining Unicode char U+2423 (decimal 9251)
   defining Unicode char U+FEFF (decimal 65279)
))
)
**************************
*
* making pLaTeX format
*
**************************
(e:/texlive/2019/texmf-dist/tex/platex/base/plcore.ltx
\Cht=\dimen102
\cht=\dimen103
\Cdp=\dimen104
\cdp=\dimen105
\Cwd=\dimen106
\cwd=\dimen107
\Cvs=\dimen108
\cvs=\dimen109
\Chs=\dimen110
\chs=\dimen111
\cHT=\dimen112
\tstrutbox=\box27
\zstrutbox=\box28
\ystrutbox=\box29
LaTeX Info: Redefining \strut on input line 156.
LaTeX Info: Redefining \selectfont on input line 461.
\adjust@box=\box30
\adjust@dimen=\dimen113
LaTeX Info: Redefining \fontencoding on input line 580.
LaTeX Info: Redefining \fontfamily on input line 628.
LaTeX Info: Redefining \fontseries on input line 681.
LaTeX Info: Redefining \fontshape on input line 684.
LaTeX Info: Redefining \usefont on input line 691.
LaTeX Info: Redefining \normalfont on input line 698.
\@tombowwidth=\dimen114
\@TL=\box31
\@Tl=\box32
\@TC=\box33
\@TR=\box34
\@Tr=\box35
\@BL=\box36
\@Bl=\box37
\@BC=\box38
\@BR=\box39
\@Br=\box40
\@CL=\box41
\@CR=\box42
\@bannertoken=\toks14
\@@paperheight=\dimen115
\@@paperwidth=\dimen116
\@@topmargin=\dimen117
LaTeX Info: Redefining \AtBeginDvi on input line 1142.
\pltx@foot@penalty=\count80
\hour=\count81
\minute=\count82
LaTeX Info: Redefining \underline on input line 1305.
)
(e:/texlive/2019/texmf-dist/tex/platex/base/pldefs.ltx
File: pldefs.ltx 2019/09/16 v1.6t pLaTeX Kernel (Default settings)

(e:/texlive/2019/texmf-dist/tex/platex/base/jy1mc.fd
File: jy1mc.fd 2018/07/03 v1.6q KANJI font defines
)
(e:/texlive/2019/texmf-dist/tex/platex/base/jy1gt.fd
File: jy1gt.fd 2018/07/03 v1.6q KANJI font defines
)
(e:/texlive/2019/texmf-dist/tex/platex/base/jt1mc.fd
File: jt1mc.fd 2018/07/03 v1.6q KANJI font defines
)
(e:/texlive/2019/texmf-dist/tex/platex/base/jt1gt.fd
File: jt1gt.fd 2018/07/03 v1.6q KANJI font defines
)
LaTeX Info: Redefining \em on input line 44.

Loading kinsoku patterns for japanese.
(e:/texlive/2019/texmf-dist/tex/platex/base/kinsoku.tex)) ) )
Beginning to dump on file platex.fmt
 (preloaded format=platex 2019.10.11)
7238 strings of total length 106702
62831 memory locations dumped; current usage is 228&62245
4548 multiletter control sequences
\font\nullfont=nullfont
\font\OMX/cmex/m/n/10=cmex10
\font\tenln=line10
\font\tenlnw=linew10
\font\tencirc=lcircle10
\font\tencircw=lcirclew10
\font\OT1/cmr/m/n/5=cmr5
\font\OT1/cmr/m/n/7=cmr7
\font\OT1/cmr/m/n/10=cmr10
\font\OML/cmm/m/it/5=cmmi5
\font\OML/cmm/m/it/7=cmmi7
\font\OML/cmm/m/it/10=cmmi10
\font\OMS/cmsy/m/n/5=cmsy5
\font\OMS/cmsy/m/n/7=cmsy7
\font\OMS/cmsy/m/n/10=cmsy10
\font\JY1/mc/m/n/10=min10
\font\@bannerfont=cmtt9
\font\JT1/mc/m/n/10=tmin10
\font\JY1/mc/m/n/5=min5
\font\JY1/mc/m/n/7=min7
\font\JY1/mc/m/n/12=min10 at 12.0pt
\font\JY1/gt/m/n/5=goth5
\font\JY1/gt/m/n/7=goth7
\font\JY1/gt/m/n/10=goth10
\font\JY1/gt/m/n/12=goth10 at 12.0pt
\font\JT1/mc/m/n/5=tmin5
\font\JT1/mc/m/n/7=tmin7
\font\JT1/mc/m/n/12=tmin10 at 12.0pt
\font\JT1/gt/m/n/5=tgoth5
\font\JT1/gt/m/n/7=tgoth7
\font\JT1/gt/m/n/10=tgoth10
\font\JT1/gt/m/n/12=tgoth10 at 12.0pt
7504 words of font info for 31 preloaded fonts
929 hyphenation exceptions
Hyphenation trie of length 356613 has 9590 ops out of 35111
  143 for language 84
  110 for language 83
  138 for language 82
  7 for language 81
  12 for language 80
  53 for language 79
  127 for language 78
  183 for language 77
  71 for language 76
  248 for language 75
  62 for language 74
  66 for language 73
  119 for language 71
  43 for language 70
  58 for language 69
  7 for language 68
  194 for language 67
  37 for language 66
  23 for language 65
  852 for language 64
  852 for language 63
  21 for language 62
  38 for language 61
  77 for language 60
  58 for language 59
  206 for language 58
  105 for language 57
  25 for language 56
  27 for language 55
  37 for language 54
  229 for language 53
  38 for language 52
  21 for language 51
  147 for language 38
  185 for language 37
  50 for language 36
  18 for language 35
  460 for language 34
  551 for language 33
  551 for language 32
  39 for language 31
  76 for language 30
  40 for language 29
  89 for language 28
  31 for language 27
  113 for language 24
  145 for language 23
  377 for language 22
  224 for language 21
  265 for language 20
  60 for language 19
  63 for language 18
  19 for language 17
  14 for language 16
  3 for language 14
  21 for language 13
  54 for language 12
  36 for language 11
  5 for language 10
  148 for language 7
  97 for language 6
  137 for language 5
  551 for language 4
  551 for language 3
  2 for language 1
  181 for language 0
No pages of output.
