This is e-upTeX, Version 3.14159265-p3.8.2-u1.25-190131-2.6 (utf8.uptex) (TeX Live 2019/W32TeX) (INITEX)  11 OCT 2019 15:32
entering extended mode
 restricted \write18 enabled.
 %&-line parsing enabled.
***euptex.ini
(e:/texlive/2019/texmf-dist/tex/uptex/uptex-base/euptex.ini
(e:/texlive/2019/texmf-dist/tex/uptex/uptex-base/euptex.src
(e:/texlive/2019/texmf-dist/tex/uptex/uptex-base/uptex.tex
(e:/texlive/2019/texmf-dist/tex/plain/base/plain.tex
Preloading the plain format: codes, registers,
\maxdimen=\dimen10
\hideskip=\skip10
\centering=\skip11
\p@=\dimen11
\z@=\dimen12
\z@skip=\skip12
\voidb@x=\box10
 parameters,
\smallskipamount=\skip13
\medskipamount=\skip14
\bigskipamount=\skip15
\normalbaselineskip=\skip16
\normallineskip=\skip17
\normallineskiplimit=\dimen13
\jot=\dimen14
\interdisplaylinepenalty=\count23
\interfootnotelinepenalty=\count24
 fonts, more fonts,
\itfam=\fam4
\slfam=\fam5
\bffam=\fam6
\ttfam=\fam7

macros,
\strutbox=\box11
\mscount=\count25
\tabs=\box12
\tabsyet=\box13
\tabsdone=\box14
 math definitions,
\rootbox=\box15
\p@renwd=\dimen15
 output routines,
\headline=\toks10
\footline=\toks11
\footins=\insert254
\topins=\insert253
 hyphenation
(e:/texlive/2019/texmf-dist/tex/generic/hyphen/hyphen.tex
[skipping from \patterns to end-of-file...]))
\minfam=\fam8
\gtfam=\fam9
\tminfam=\fam10
\tgtfam=\fam11

(e:/texlive/2019/texmf-dist/tex/uptex/uptex-base/ukinsoku.tex))
\et@xinput=\read0
\et@xtoks=\toks12

(e:/texlive/2019/texmf-dist/tex/ptex/ptex-base/eptexdefs.lib
Skipping module "grouptypes"; Loading module "interactionmodes";
Skipping module "nodetypes"; Skipping module "iftypes";)
(e:/texlive/2019/texmf-var/tex/generic/config/language.def
\lang@USenglish=\language0

(e:/texlive/2019/texmf-dist/tex/generic/hyphen/hyphen.tex)
\lang@german-x-2019-04-04=\language1

(e:/texlive/2019/texmf-dist/tex/generic/dehyph-exptl/dehypht-x-2019-04-04.tex
dehyph-exptl: using pTeX engine. Loading patterns provided by package hyph-utf8
.
(e:/texlive/2019/texmf-dist/tex/generic/hyph-utf8/patterns/ptex/hyph-de-1901.ec
.tex))
\lang@german-x-latest=\language2

(e:/texlive/2019/texmf-dist/tex/generic/dehyph-exptl/dehypht-x-2019-04-04.tex
dehyph-exptl: using pTeX engine. Loading patterns provided by package hyph-utf8
.
(e:/texlive/2019/texmf-dist/tex/generic/hyph-utf8/patterns/ptex/hyph-de-1901.ec
.tex))
\lang@ngerman-x-2019-04-04=\language3

(e:/texlive/2019/texmf-dist/tex/generic/dehyph-exptl/dehyphn-x-2019-04-04.tex
dehyph-exptl: using pTeX engine. Loading patterns provided by package hyph-utf8
.
(e:/texlive/2019/texmf-dist/tex/generic/hyph-utf8/patterns/ptex/hyph-de-1996.ec
.tex))
\lang@ngerman-x-latest=\language4

(e:/texlive/2019/texmf-dist/tex/generic/dehyph-exptl/dehyphn-x-2019-04-04.tex
dehyph-exptl: using pTeX engine. Loading patterns provided by package hyph-utf8
.
(e:/texlive/2019/texmf-dist/tex/generic/hyph-utf8/patterns/ptex/hyph-de-1996.ec
.tex))
\lang@afrikaans=\language5

(e:/texlive/2019/texmf-dist/tex/generic/hyph-utf8/loadhyph/loadhyph-af.tex
EC Afrikaans hyphenation patterns
(e:/texlive/2019/texmf-dist/tex/generic/hyph-utf8/patterns/ptex/hyph-af.ec.tex)
)
\lang@ancientgreek=\language6
 (e:/texlive/2019/texmf-dist/tex/generic/hyph-utf8/loadhyph/loadhyph-grc.tex
Hyphenation patterns for Ancient Greek
(e:/texlive/2019/texmf-dist/tex/generic/hyphen/grahyph5.tex
Hyphenation patterns for Ancient Greek))
\lang@ibycus=\language7

(e:/texlive/2019/texmf-dist/tex/generic/hyphen/ibyhyph.tex
Greek hyphenation patterns for Ibycus encoding, v3.0)
\lang@arabic=\language8

(e:/texlive/2019/texmf-dist/tex/generic/hyphen/zerohyph.tex)
\lang@armenian=\language9

(e:/texlive/2019/texmf-dist/tex/generic/hyph-utf8/loadhyph/loadhyph-hy.tex
No Armenian hyphenation patterns - only for Unicode engines)
\lang@basque=\language10

(e:/texlive/2019/texmf-dist/tex/generic/hyph-utf8/loadhyph/loadhyph-eu.tex
EC Basque hyphenation patterns
(e:/texlive/2019/texmf-dist/tex/generic/hyph-utf8/patterns/ptex/hyph-eu.ec.tex)
)
\lang@belarusian=\language11
 (e:/texlive/2019/texmf-dist/tex/generic/hyph-utf8/loadhyph/loadhyph-be.tex
T2A Belarusian hyphenation patterns
(e:/texlive/2019/texmf-dist/tex/generic/hyph-utf8/patterns/ptex/hyph-be.t2a.tex
))
\lang@bulgarian=\language12
 (e:/texlive/2019/texmf-dist/tex/generic/hyph-utf8/loadhyph/loadhyph-bg.tex
T2A Bulgarian hyphenation patterns
(e:/texlive/2019/texmf-dist/tex/generic/hyph-utf8/patterns/ptex/hyph-bg.t2a.tex
))
\lang@catalan=\language13
 (e:/texlive/2019/texmf-dist/tex/generic/hyph-utf8/loadhyph/loadhyph-ca.tex
EC Catalan hyphenation patterns
(e:/texlive/2019/texmf-dist/tex/generic/hyph-utf8/patterns/ptex/hyph-ca.ec.tex)
)
\lang@pinyin=\language14

(e:/texlive/2019/texmf-dist/tex/generic/hyph-utf8/loadhyph/loadhyph-zh-latn-pin
yin.tex EC Pinyin Hyphenation Patterns (with tone markers) 2018-11-25 (WL)
(e:/texlive/2019/texmf-dist/tex/generic/hyph-utf8/patterns/ptex/hyph-zh-latn-pi
nyin.ec.tex))
\lang@churchslavonic=\language15

(e:/texlive/2019/texmf-dist/tex/generic/hyph-utf8/loadhyph/loadhyph-cu.tex
No Church Slavonic hyphenation patterns - only for Unicode engines)
\lang@coptic=\language16

(e:/texlive/2019/texmf-dist/tex/generic/hyph-utf8/loadhyph/loadhyph-cop.tex
Coptic hyphenation patterns
(e:/texlive/2019/texmf-dist/tex/generic/hyph-utf8/patterns/tex-8bit/copthyph.te
x))
\lang@croatian=\language17
 (e:/texlive/2019/texmf-dist/tex/generic/hyph-utf8/loadhyph/loadhyph-hr.tex
EC Croatian hyphenation patterns
(e:/texlive/2019/texmf-dist/tex/generic/hyph-utf8/patterns/ptex/hyph-hr.ec.tex)
)
\lang@czech=\language18
 (e:/texlive/2019/texmf-dist/tex/generic/hyph-utf8/loadhyph/loadhyph-cs.tex
EC Czech hyphenation patterns
(e:/texlive/2019/texmf-dist/tex/generic/hyph-utf8/patterns/ptex/hyph-cs.ec.tex)
)
\lang@danish=\language19
 (e:/texlive/2019/texmf-dist/tex/generic/hyph-utf8/loadhyph/loadhyph-da.tex
EC Danish hyphenation patterns
(e:/texlive/2019/texmf-dist/tex/generic/hyph-utf8/patterns/ptex/hyph-da.ec.tex)
)
\lang@dutch=\language20
 (e:/texlive/2019/texmf-dist/tex/generic/hyph-utf8/loadhyph/loadhyph-nl.tex
EC Dutch hyphenation patterns
(e:/texlive/2019/texmf-dist/tex/generic/hyph-utf8/patterns/ptex/hyph-nl.ec.tex)
)
\lang@ukenglish=\language21
 (e:/texlive/2019/texmf-dist/tex/generic/hyph-utf8/loadhyph/loadhyph-en-gb.tex 
ASCII Hyphenation patterns for British English
(e:/texlive/2019/texmf-dist/tex/generic/hyph-utf8/patterns/tex/hyph-en-gb.tex))
\lang@british=\language22
(e:/texlive/2019/texmf-dist/tex/generic/hyph-utf8/loadhyph/loadhyph-en-gb.tex
ASCII Hyphenation patterns for British English
(e:/texlive/2019/texmf-dist/tex/generic/hyph-utf8/patterns/tex/hyph-en-gb.tex))
\lang@UKenglish=\language23
(e:/texlive/2019/texmf-dist/tex/generic/hyph-utf8/loadhyph/loadhyph-en-gb.tex
ASCII Hyphenation patterns for British English
(e:/texlive/2019/texmf-dist/tex/generic/hyph-utf8/patterns/tex/hyph-en-gb.tex))
\lang@usenglishmax=\language24
(e:/texlive/2019/texmf-dist/tex/generic/hyph-utf8/loadhyph/loadhyph-en-us.tex
ASCII Hyphenation patterns for American English
(e:/texlive/2019/texmf-dist/tex/generic/hyph-utf8/patterns/tex/hyph-en-us.tex))
\lang@esperanto=\language25
(e:/texlive/2019/texmf-dist/tex/generic/hyph-utf8/loadhyph/loadhyph-eo.tex
IL3 Esperanto hyphenation patterns
(e:/texlive/2019/texmf-dist/tex/generic/hyph-utf8/patterns/ptex/hyph-eo.il3.tex
))
\lang@estonian=\language26
 (e:/texlive/2019/texmf-dist/tex/generic/hyph-utf8/loadhyph/loadhyph-et.tex
EC Estonian hyphenation patterns
(e:/texlive/2019/texmf-dist/tex/generic/hyph-utf8/patterns/ptex/hyph-et.ec.tex)
)
\lang@ethiopic=\language27

(e:/texlive/2019/texmf-dist/tex/generic/hyph-utf8/loadhyph/loadhyph-mul-ethi.te
x No Pan-Ethiopic hyphenation patterns - only for Unicode engines)
\lang@amharic=\language28

(e:/texlive/2019/texmf-dist/tex/generic/hyph-utf8/loadhyph/loadhyph-mul-ethi.te
x No Pan-Ethiopic hyphenation patterns - only for Unicode engines)
\lang@geez=\language29

(e:/texlive/2019/texmf-dist/tex/generic/hyph-utf8/loadhyph/loadhyph-mul-ethi.te
x No Pan-Ethiopic hyphenation patterns - only for Unicode engines)
\lang@farsi=\language30

(e:/texlive/2019/texmf-dist/tex/generic/hyphen/zerohyph.tex)
\lang@persian=\language31

(e:/texlive/2019/texmf-dist/tex/generic/hyphen/zerohyph.tex)
\lang@finnish=\language32

(e:/texlive/2019/texmf-dist/tex/generic/hyph-utf8/loadhyph/loadhyph-fi.tex
EC Finnish hyphenation patterns
(e:/texlive/2019/texmf-dist/tex/generic/hyph-utf8/patterns/ptex/hyph-fi.ec.tex)
)
\lang@french=\language33
 (e:/texlive/2019/texmf-dist/tex/generic/hyph-utf8/loadhyph/loadhyph-fr.tex
EC French hyphenation patterns
(e:/texlive/2019/texmf-dist/tex/generic/hyph-utf8/patterns/ptex/hyph-fr.ec.tex)
)
\lang@patois=\language34
 (e:/texlive/2019/texmf-dist/tex/generic/hyph-utf8/loadhyph/loadhyph-fr.tex
EC French hyphenation patterns
(e:/texlive/2019/texmf-dist/tex/generic/hyph-utf8/patterns/ptex/hyph-fr.ec.tex)
)
\lang@francais=\language35
 (e:/texlive/2019/texmf-dist/tex/generic/hyph-utf8/loadhyph/loadhyph-fr.tex
EC French hyphenation patterns
(e:/texlive/2019/texmf-dist/tex/generic/hyph-utf8/patterns/ptex/hyph-fr.ec.tex)
)
\lang@friulan=\language36
 (e:/texlive/2019/texmf-dist/tex/generic/hyph-utf8/loadhyph/loadhyph-fur.tex
EC Friulan hyphenation patterns
(e:/texlive/2019/texmf-dist/tex/generic/hyph-utf8/patterns/ptex/hyph-fur.ec.tex
))
\lang@galician=\language37
 (e:/texlive/2019/texmf-dist/tex/generic/hyph-utf8/loadhyph/loadhyph-gl.tex
EC Galician hyphenation patterns
(e:/texlive/2019/texmf-dist/tex/generic/hyph-utf8/patterns/ptex/hyph-gl.ec.tex)
)
\lang@georgian=\language38
 (e:/texlive/2019/texmf-dist/tex/generic/hyph-utf8/loadhyph/loadhyph-ka.tex
T8M Georgian hyphenation patterns
(e:/texlive/2019/texmf-dist/tex/generic/hyph-utf8/patterns/ptex/hyph-ka.t8m.tex
))
\lang@german=\language39

(e:/texlive/2019/texmf-dist/tex/generic/hyph-utf8/loadhyph/loadhyph-de-1901.tex
EC German hyphenation patterns (traditional orthography)
(e:/texlive/2019/texmf-dist/tex/generic/hyph-utf8/patterns/ptex/hyph-de-1901.ec
.tex))
\lang@ngerman=\language40

(e:/texlive/2019/texmf-dist/tex/generic/hyph-utf8/loadhyph/loadhyph-de-1996.tex
EC German hyphenation patterns (reformed orthography)
(e:/texlive/2019/texmf-dist/tex/generic/hyph-utf8/patterns/ptex/hyph-de-1996.ec
.tex))
\lang@swissgerman=\language41

(e:/texlive/2019/texmf-dist/tex/generic/hyph-utf8/loadhyph/loadhyph-de-ch-1901.
tex EC Swiss-German hyphenation patterns (traditional orthography)
(e:/texlive/2019/texmf-dist/tex/generic/hyph-utf8/patterns/ptex/hyph-de-ch-1901
.ec.tex))
\lang@monogreek=\language42

(e:/texlive/2019/texmf-dist/tex/generic/hyph-utf8/loadhyph/loadhyph-el-monoton.
tex Hyphenation patterns for uni-accent (monotonic) Modern Greek
(e:/texlive/2019/texmf-dist/tex/generic/hyphen/grmhyph5.tex
Hyphenation patterns for uni-accent (monotonic) Modern Greek))
\lang@greek=\language43

(e:/texlive/2019/texmf-dist/tex/generic/hyph-utf8/loadhyph/loadhyph-el-polyton.
tex Hyphenation patterns for multi-accent (polytonic) Modern Greek
(e:/texlive/2019/texmf-dist/tex/generic/hyphen/grphyph5.tex
Hyphenation patterns for multi-accent (polytonic) Modern Greek))
\lang@polygreek=\language44

(e:/texlive/2019/texmf-dist/tex/generic/hyph-utf8/loadhyph/loadhyph-el-polyton.
tex Hyphenation patterns for multi-accent (polytonic) Modern Greek
(e:/texlive/2019/texmf-dist/tex/generic/hyphen/grphyph5.tex
Hyphenation patterns for multi-accent (polytonic) Modern Greek))
\lang@hungarian=\language45

(e:/texlive/2019/texmf-dist/tex/generic/hyph-utf8/loadhyph/loadhyph-hu.tex
EC Hungarian hyphenation patterns
(e:/texlive/2019/texmf-dist/tex/generic/hyph-utf8/patterns/ptex/hyph-hu.ec.tex)
)
\lang@icelandic=\language46
 (e:/texlive/2019/texmf-dist/tex/generic/hyph-utf8/loadhyph/loadhyph-is.tex
EC Icelandic hyphenation patterns
(e:/texlive/2019/texmf-dist/tex/generic/hyph-utf8/patterns/ptex/hyph-is.ec.tex)
)
\lang@assamese=\language47
 (e:/texlive/2019/texmf-dist/tex/generic/hyph-utf8/loadhyph/loadhyph-as.tex
No Assamese hyphenation patterns - only for Unicode engines)
\lang@bengali=\language48

(e:/texlive/2019/texmf-dist/tex/generic/hyph-utf8/loadhyph/loadhyph-bn.tex
No Bengali hyphenation patterns - only for Unicode engines)
\lang@gujarati=\language49

(e:/texlive/2019/texmf-dist/tex/generic/hyph-utf8/loadhyph/loadhyph-gu.tex
No Gujarati hyphenation patterns - only for Unicode engines)
\lang@hindi=\language50

(e:/texlive/2019/texmf-dist/tex/generic/hyph-utf8/loadhyph/loadhyph-hi.tex
No Hindi hyphenation patterns - only for Unicode engines)
\lang@kannada=\language51

(e:/texlive/2019/texmf-dist/tex/generic/hyph-utf8/loadhyph/loadhyph-kn.tex
No Kannada hyphenation patterns - only for Unicode engines)
\lang@malayalam=\language52

(e:/texlive/2019/texmf-dist/tex/generic/hyph-utf8/loadhyph/loadhyph-ml.tex
No Malayalam hyphenation patterns - only for Unicode engines)
\lang@marathi=\language53

(e:/texlive/2019/texmf-dist/tex/generic/hyph-utf8/loadhyph/loadhyph-mr.tex
No Marathi hyphenation patterns - only for Unicode engines)
\lang@oriya=\language54

(e:/texlive/2019/texmf-dist/tex/generic/hyph-utf8/loadhyph/loadhyph-or.tex
No Oriya hyphenation patterns - only for Unicode engines)
\lang@panjabi=\language55

(e:/texlive/2019/texmf-dist/tex/generic/hyph-utf8/loadhyph/loadhyph-pa.tex
No Panjabi hyphenation patterns - only for Unicode engines)
\lang@pali=\language56

(e:/texlive/2019/texmf-dist/tex/generic/hyph-utf8/loadhyph/loadhyph-pi.tex
No Pali hyphenation patterns - only for Unicode engines)
\lang@tamil=\language57

(e:/texlive/2019/texmf-dist/tex/generic/hyph-utf8/loadhyph/loadhyph-ta.tex
No Tamil hyphenation patterns - only for Unicode engines)
\lang@telugu=\language58

(e:/texlive/2019/texmf-dist/tex/generic/hyph-utf8/loadhyph/loadhyph-te.tex
No Telugu hyphenation patterns - only for Unicode engines)
\lang@indonesian=\language59

(e:/texlive/2019/texmf-dist/tex/generic/hyph-utf8/loadhyph/loadhyph-id.tex
ASCII Indonesian hyphenation patterns
(e:/texlive/2019/texmf-dist/tex/generic/hyph-utf8/patterns/tex/hyph-id.tex))
\lang@interlingua=\language60

(e:/texlive/2019/texmf-dist/tex/generic/hyph-utf8/loadhyph/loadhyph-ia.tex
ASCII Hyphenation patterns for Interlingua
(e:/texlive/2019/texmf-dist/tex/generic/hyph-utf8/patterns/tex/hyph-ia.tex))
\lang@irish=\language61

(e:/texlive/2019/texmf-dist/tex/generic/hyph-utf8/loadhyph/loadhyph-ga.tex
EC Irish hyphenation patterns
(e:/texlive/2019/texmf-dist/tex/generic/hyph-utf8/patterns/ptex/hyph-ga.ec.tex)
)
\lang@italian=\language62
 (e:/texlive/2019/texmf-dist/tex/generic/hyph-utf8/loadhyph/loadhyph-it.tex
ASCII Italian hyphenation patterns
(e:/texlive/2019/texmf-dist/tex/generic/hyph-utf8/patterns/tex/hyph-it.tex))
\lang@kurmanji=\language63

(e:/texlive/2019/texmf-dist/tex/generic/hyph-utf8/loadhyph/loadhyph-kmr.tex
EC Kurmanji hyphenation patterns
(e:/texlive/2019/texmf-dist/tex/generic/hyph-utf8/patterns/ptex/hyph-kmr.ec.tex
))
\lang@latin=\language64
 (e:/texlive/2019/texmf-dist/tex/generic/hyph-utf8/loadhyph/loadhyph-la.tex
EC Latin hyphenation patterns
(e:/texlive/2019/texmf-dist/tex/generic/hyph-utf8/patterns/ptex/hyph-la.ec.tex)
)
\lang@classiclatin=\language65

(e:/texlive/2019/texmf-dist/tex/generic/hyph-utf8/loadhyph/loadhyph-la-x-classi
c.tex ASCII Classical Latin hyphenation patterns
(e:/texlive/2019/texmf-dist/tex/generic/hyph-utf8/patterns/tex/hyph-la-x-classi
c.tex))
\lang@liturgicallatin=\language66

(e:/texlive/2019/texmf-dist/tex/generic/hyph-utf8/loadhyph/loadhyph-la-x-liturg
ic.tex EC Liturgical Latin hyphenation patterns
(e:/texlive/2019/texmf-dist/tex/generic/hyph-utf8/patterns/ptex/hyph-la-x-litur
gic.ec.tex))
\lang@latvian=\language67

(e:/texlive/2019/texmf-dist/tex/generic/hyph-utf8/loadhyph/loadhyph-lv.tex
L7X Latvian hyphenation patterns
(e:/texlive/2019/texmf-dist/tex/generic/hyph-utf8/patterns/ptex/hyph-lv.l7x.tex
))
\lang@lithuanian=\language68
 (e:/texlive/2019/texmf-dist/tex/generic/hyph-utf8/loadhyph/loadhyph-lt.tex
L7X Lithuanian hyphenation patterns
(e:/texlive/2019/texmf-dist/tex/generic/hyph-utf8/patterns/ptex/hyph-lt.l7x.tex
))
\lang@mongolian=\language69

(e:/texlive/2019/texmf-dist/tex/generic/hyph-utf8/loadhyph/loadhyph-mn-cyrl.tex
T2A (New) Mongolian hyphenation patterns
(e:/texlive/2019/texmf-dist/tex/generic/hyph-utf8/patterns/ptex/hyph-mn-cyrl.t2
a.tex))
\lang@mongolianlmc=\language70

(e:/texlive/2019/texmf-dist/tex/generic/hyph-utf8/loadhyph/loadhyph-mn-cyrl-x-l
mc.tex LMC Mongolian hyphenation patterns
(e:/texlive/2019/texmf-dist/tex/generic/hyph-utf8/patterns/ptex/hyph-mn-cyrl-x-
lmc.lmc.tex))
\lang@bokmal=\language71

(e:/texlive/2019/texmf-dist/tex/generic/hyph-utf8/loadhyph/loadhyph-nb.tex
EC Norwegian Bokmal hyphenation patterns
(e:/texlive/2019/texmf-dist/tex/generic/hyph-utf8/patterns/ptex/hyph-nb.ec.tex)
)
\lang@norwegian=\language72
 (e:/texlive/2019/texmf-dist/tex/generic/hyph-utf8/loadhyph/loadhyph-nb.tex
EC Norwegian Bokmal hyphenation patterns
(e:/texlive/2019/texmf-dist/tex/generic/hyph-utf8/patterns/ptex/hyph-nb.ec.tex)
)
\lang@norsk=\language73
 (e:/texlive/2019/texmf-dist/tex/generic/hyph-utf8/loadhyph/loadhyph-nb.tex
EC Norwegian Bokmal hyphenation patterns
(e:/texlive/2019/texmf-dist/tex/generic/hyph-utf8/patterns/ptex/hyph-nb.ec.tex)
)
\lang@nynorsk=\language74
 (e:/texlive/2019/texmf-dist/tex/generic/hyph-utf8/loadhyph/loadhyph-nn.tex
EC Norwegian Nynorsk hyphenation patterns
(e:/texlive/2019/texmf-dist/tex/generic/hyph-utf8/patterns/ptex/hyph-nn.ec.tex)
)
\lang@occitan=\language75
 (e:/texlive/2019/texmf-dist/tex/generic/hyph-utf8/loadhyph/loadhyph-oc.tex
EC Occitan hyphenation patterns
(e:/texlive/2019/texmf-dist/tex/generic/hyph-utf8/patterns/ptex/hyph-oc.ec.tex)
)
\lang@piedmontese=\language76
 (e:/texlive/2019/texmf-dist/tex/generic/hyph-utf8/loadhyph/loadhyph-pms.tex
ASCII Piedmontese hyphenation patterns
(e:/texlive/2019/texmf-dist/tex/generic/hyph-utf8/patterns/tex/hyph-pms.tex))
\lang@polish=\language77

(e:/texlive/2019/texmf-dist/tex/generic/hyph-utf8/loadhyph/loadhyph-pl.tex
QX Polish hyphenation patterns
(e:/texlive/2019/texmf-dist/tex/generic/hyph-utf8/patterns/ptex/hyph-pl.qx.tex)
)
\lang@portuguese=\language78
 (e:/texlive/2019/texmf-dist/tex/generic/hyph-utf8/loadhyph/loadhyph-pt.tex
EC Portuguese hyphenation patterns
(e:/texlive/2019/texmf-dist/tex/generic/hyph-utf8/patterns/ptex/hyph-pt.ec.tex)
)
\lang@portuges=\language79
 (e:/texlive/2019/texmf-dist/tex/generic/hyph-utf8/loadhyph/loadhyph-pt.tex
EC Portuguese hyphenation patterns
(e:/texlive/2019/texmf-dist/tex/generic/hyph-utf8/patterns/ptex/hyph-pt.ec.tex)
)
\lang@romanian=\language80
 (e:/texlive/2019/texmf-dist/tex/generic/hyph-utf8/loadhyph/loadhyph-ro.tex
EC Romanian hyphenation patterns
(e:/texlive/2019/texmf-dist/tex/generic/hyph-utf8/patterns/ptex/hyph-ro.ec.tex)
)
\lang@romansh=\language81
 (e:/texlive/2019/texmf-dist/tex/generic/hyph-utf8/loadhyph/loadhyph-rm.tex
ASCII Romansh hyphenation patterns
(e:/texlive/2019/texmf-dist/tex/generic/hyph-utf8/patterns/tex/hyph-rm.tex))
\lang@russian=\language82

(e:/texlive/2019/texmf-dist/tex/generic/hyph-utf8/loadhyph/loadhyph-ru.tex
T2A Russian hyphenation patterns
(e:/texlive/2019/texmf-dist/tex/generic/hyph-utf8/patterns/ptex/hyph-ru.t2a.tex
))
\lang@sanskrit=\language83
 (e:/texlive/2019/texmf-dist/tex/generic/hyph-utf8/loadhyph/loadhyph-sa.tex
No Sanskrit hyphenation patterns - only for Unicode engines)
\lang@serbian=\language84

(e:/texlive/2019/texmf-dist/tex/generic/hyph-utf8/loadhyph/loadhyph-sr-latn.tex
EC Serbian hyphenation patterns in Latin script
(e:/texlive/2019/texmf-dist/tex/generic/hyph-utf8/patterns/ptex/hyph-sh-latn.ec
.tex))
\lang@serbianc=\language85

(e:/texlive/2019/texmf-dist/tex/generic/hyph-utf8/loadhyph/loadhyph-sr-cyrl.tex
T2A Serbian hyphenation patterns in Cyrillic script
(e:/texlive/2019/texmf-dist/tex/generic/hyph-utf8/patterns/ptex/hyph-sh-cyrl.t2
a.tex))
\lang@slovak=\language86

(e:/texlive/2019/texmf-dist/tex/generic/hyph-utf8/loadhyph/loadhyph-sk.tex
EC Slovak hyphenation patterns
(e:/texlive/2019/texmf-dist/tex/generic/hyph-utf8/patterns/ptex/hyph-sk.ec.tex)
)
\lang@slovenian=\language87
 (e:/texlive/2019/texmf-dist/tex/generic/hyph-utf8/loadhyph/loadhyph-sl.tex
EC Slovenian hyphenation patterns
(e:/texlive/2019/texmf-dist/tex/generic/hyph-utf8/patterns/ptex/hyph-sl.ec.tex)
)
\lang@slovene=\language88
 (e:/texlive/2019/texmf-dist/tex/generic/hyph-utf8/loadhyph/loadhyph-sl.tex
EC Slovenian hyphenation patterns
(e:/texlive/2019/texmf-dist/tex/generic/hyph-utf8/patterns/ptex/hyph-sl.ec.tex)
)
\lang@spanish=\language89
 (e:/texlive/2019/texmf-dist/tex/generic/hyph-utf8/loadhyph/loadhyph-es.tex
EC Spanish hyphenation patterns
(e:/texlive/2019/texmf-dist/tex/generic/hyph-utf8/patterns/ptex/hyph-es.ec.tex)
)
\lang@espanol=\language90
 (e:/texlive/2019/texmf-dist/tex/generic/hyph-utf8/loadhyph/loadhyph-es.tex
EC Spanish hyphenation patterns
(e:/texlive/2019/texmf-dist/tex/generic/hyph-utf8/patterns/ptex/hyph-es.ec.tex)
)
\lang@swedish=\language91
 (e:/texlive/2019/texmf-dist/tex/generic/hyph-utf8/loadhyph/loadhyph-sv.tex
EC Swedish hyphenation patterns
(e:/texlive/2019/texmf-dist/tex/generic/hyph-utf8/patterns/ptex/hyph-sv.ec.tex)
)
\lang@thai=\language92
 (e:/texlive/2019/texmf-dist/tex/generic/hyph-utf8/loadhyph/loadhyph-th.tex
LTH Thai hyphenation patterns
(e:/texlive/2019/texmf-dist/tex/generic/hyph-utf8/patterns/ptex/hyph-th.lth.tex
))
\lang@turkish=\language93
 (e:/texlive/2019/texmf-dist/tex/generic/hyph-utf8/loadhyph/loadhyph-tr.tex
EC Turkish hyphenation patterns
(e:/texlive/2019/texmf-dist/tex/generic/hyph-utf8/patterns/ptex/hyph-tr.ec.tex)
)
\lang@turkmen=\language94
 (e:/texlive/2019/texmf-dist/tex/generic/hyph-utf8/loadhyph/loadhyph-tk.tex
EC Turkmen hyphenation patterns
(e:/texlive/2019/texmf-dist/tex/generic/hyph-utf8/patterns/ptex/hyph-tk.ec.tex)
)
\lang@ukrainian=\language95
 (e:/texlive/2019/texmf-dist/tex/generic/hyph-utf8/loadhyph/loadhyph-uk.tex
T2A Ukrainian hyphenation patterns
(e:/texlive/2019/texmf-dist/tex/generic/hyph-utf8/patterns/ptex/hyph-uk.t2a.tex
))
\lang@uppersorbian=\language96
 (e:/texlive/2019/texmf-dist/tex/generic/hyph-utf8/loadhyph/loadhyph-hsb.tex
EC Upper Sorbian hyphenation patterns
(e:/texlive/2019/texmf-dist/tex/generic/hyph-utf8/patterns/ptex/hyph-hsb.ec.tex
))
\lang@welsh=\language97
 (e:/texlive/2019/texmf-dist/tex/generic/hyph-utf8/loadhyph/loadhyph-cy.tex
EC Welsh hyphenation patterns
(e:/texlive/2019/texmf-dist/tex/generic/hyph-utf8/patterns/ptex/hyph-cy.ec.tex)
)) Augmenting the Plain TeX definitions: \tracingall;
Adding new e-TeX definitions: \eTeX, \epTeX, \eupTeX,  \loggingall,
\tracingnone, register allocation;
\et@xins=\count26
 extended register allocation; 
Recycling: \addlanguage, \@nswer (not defined), \@sk, \b@dresponsetrue,
\b@dresponsefalse, \ch@ckforyn, \mayber@cycle, \et@xabort, \et@xbuf,
\et@xfmtsrc, \et@xfilehdr, \et@xinf, \et@xpatterns, \l@ngdefnfile, \n@xt,
\p@rse (not defined), \pr@mpt (not defined), \pr@mptloop (not defined),
\forcer@cycle, \usef@llback, \usef@llbacktrue, \usef@llbackfalse, 
Retaining: \et@xerr, \et@xinput, \et@xlibhdr, \et@xmsg, \et@xtoks, \et@xwarn,
\et@xl@@d, \et@xl@ad, \et@xload, \et@xlang, \et@xhash, \eTeX, \epTeX, \eupTeX,
\etexhdrchk, \etexstatus, \module, \uselanguage, \r@tain, \r@cycle, ) )
Beginning to dump on file euptex.fmt
 (preloaded format=euptex 2019.10.11)
4260 strings of total length 76420
10277 memory locations dumped; current usage is 228&8956
1514 multiletter control sequences
\font\nullfont=nullfont
\font\tenrm=cmr10
\font\preloaded=cmr9
\font\preloaded=cmr8
\font\sevenrm=cmr7
\font\preloaded=cmr6
\font\fiverm=cmr5
\font\teni=cmmi10
\font\preloaded=cmmi9
\font\preloaded=cmmi8
\font\seveni=cmmi7
\font\preloaded=cmmi6
\font\fivei=cmmi5
\font\tensy=cmsy10
\font\preloaded=cmsy9
\font\preloaded=cmsy8
\font\sevensy=cmsy7
\font\preloaded=cmsy6
\font\fivesy=cmsy5
\font\tenex=cmex10
\font\preloaded=cmss10
\font\preloaded=cmssq8
\font\preloaded=cmssi10
\font\preloaded=cmssqi8
\font\tenbf=cmbx10
\font\preloaded=cmbx9
\font\preloaded=cmbx8
\font\sevenbf=cmbx7
\font\preloaded=cmbx6
\font\fivebf=cmbx5
\font\tentt=cmtt10
\font\preloaded=cmtt9
\font\preloaded=cmtt8
\font\preloaded=cmsltt10
\font\tensl=cmsl10
\font\preloaded=cmsl9
\font\preloaded=cmsl8
\font\tenit=cmti10
\font\preloaded=cmti9
\font\preloaded=cmti8
\font\preloaded=cmti7
\font\preloaded=cmu10
\font\preloaded=cmmib10
\font\preloaded=cmbsy10
\font\preloaded=cmcsc10
\font\preloaded=cmssbx10
\font\preloaded=cmdunh10
\font\preloaded=cmr7 at 14.51799pt
\font\preloaded=cmtt10 at 14.4pt
\font\preloaded=cmssbx10 at 14.4pt
\font\preloaded=manfnt
\font\tenmin=upjisr-h
\font\sevenmin=upjisr-h at 7.0pt
\font\fivemin=upjisr-h at 5.0pt
\font\tengt=upjisg-h
\font\sevengt=upjisg-h at 7.0pt
\font\fivegt=upjisg-h at 5.0pt
\font\tentmin=upjisr-v
\font\seventmin=upjisr-v at 7.0pt
\font\fivetmin=upjisr-v at 5.0pt
\font\tentgt=upjisg-v
\font\seventgt=upjisg-v at 7.0pt
\font\fivetgt=upjisg-v at 5.0pt
16509 words of font info for 62 preloaded fonts
992 hyphenation exceptions
Hyphenation trie of length 356640 has 13331 ops out of 35111
  143 for language 97
  110 for language 96
  138 for language 95
  7 for language 94
  12 for language 93
  53 for language 92
  127 for language 91
  183 for language 90
  183 for language 89
  71 for language 88
  71 for language 87
  248 for language 86
  62 for language 85
  66 for language 84
  119 for language 82
  43 for language 81
  58 for language 80
  7 for language 79
  7 for language 78
  194 for language 77
  37 for language 76
  23 for language 75
  852 for language 74
  852 for language 73
  852 for language 72
  852 for language 71
  21 for language 70
  38 for language 69
  77 for language 68
  58 for language 67
  206 for language 66
  105 for language 65
  25 for language 64
  27 for language 63
  37 for language 62
  229 for language 61
  38 for language 60
  21 for language 59
  147 for language 46
  185 for language 45
  50 for language 44
  50 for language 43
  18 for language 42
  460 for language 41
  551 for language 40
  551 for language 39
  39 for language 38
  76 for language 37
  40 for language 36
  89 for language 35
  89 for language 34
  89 for language 33
  31 for language 32
  113 for language 26
  145 for language 25
  377 for language 24
  224 for language 23
  224 for language 22
  224 for language 21
  265 for language 20
  60 for language 19
  63 for language 18
  19 for language 17
  14 for language 16
  3 for language 14
  21 for language 13
  54 for language 12
  36 for language 11
  5 for language 10
  148 for language 7
  97 for language 6
  137 for language 5
  551 for language 4
  551 for language 3
  551 for language 2
  551 for language 1
  181 for language 0
No pages of output.
